Loading required package: dplyr

Attaching package: 'dplyr'

The following objects are masked from 'package:stats':

    filter, lag

The following objects are masked from 'package:base':

    intersect, setdiff, setequal, union

Loading required package: lubridate

Attaching package: 'lubridate'

The following objects are masked from 'package:base':

    date, intersect, setdiff, union



In ThirdStage_REddyProc:
   Do we need to reload the ini file here again?



In ThirdStage_REddyProc:
   Do we need to reload the ini file here again?



In ThirdStage_REddyProc:
   Do we need to reload the ini file here again?



In ThirdStage_REddyProc:
   Do we need to reload the ini file here again?

Converted time format 'YDH' to POSIX with column name 'DateTime'.
New sEddyProc class for site 'DSM'

Estimated UStar distribution of:
        uStar        5%        50%        95%
1 0.06408925 0.0571055 0.07260534 0.09693806 
by using  100 bootstrap samples and controls:
                       taClasses                    UstarClasses 
                              7                              20 
                          swThr            minRecordsWithinTemp 
                             10                             100 
         minRecordsWithinSeason            minRecordsWithinYear 
                            160                            3000 
isUsingOneBigSeasonOnFewRecords 
                              1 
Ustar filtering (u * Th_1 = 0.0696787763800886), marked 47% of the data as gap
Initialized variable 'NEE' with 22355 real gaps for gap filling of all 17248 values (to estimate uncertainties).
Full MDS algorithm for gap filling of 'NEE.Ustar_uStar_fqc_0' with LUT(Rg, VPD, Tair) and MDC.
Look up table with window size of 7 days with Rg VPD Tair
............................................................
.............................................................
.....................................................17076
Look up table with window size of 14 days with Rg VPD Tair
.85
Look up table with window size of 7 days with Rg
38
Mean diurnal course with window size of 0 days: .
44
Mean diurnal course with window size of 1 days: .
5
Finished gap filling of 'NEE' in 14 seconds. Artificial gaps filled: 17248, real gaps filled: 22355, unfilled (long) gaps: 17792.
Ustar filtering (u * Th_1 = 0.0653642652584956), marked 45% of the data as gap
Initialized variable 'NEE' with 22108 real gaps for gap filling of all 17248 values (to estimate uncertainties).
Full MDS algorithm for gap filling of 'NEE.Ustar_U05_fqc_0' with LUT(Rg, VPD, Tair) and MDC.
Look up table with window size of 7 days with Rg VPD Tair
............................................................
.............................................................
.....................................................17077
Look up table with window size of 14 days with Rg VPD Tair
.84
Look up table with window size of 7 days with Rg
38
Mean diurnal course with window size of 0 days: .
44
Mean diurnal course with window size of 1 days: .
5
Finished gap filling of 'NEE' in 12 seconds. Artificial gaps filled: 17248, real gaps filled: 22108, unfilled (long) gaps: 17792.
Ustar filtering (u * Th_1 = 0.0812300270877014), marked 48% of the data as gap
Initialized variable 'NEE' with 22705 real gaps for gap filling of all 17248 values (to estimate uncertainties).
Full MDS algorithm for gap filling of 'NEE.Ustar_U50_fqc_0' with LUT(Rg, VPD, Tair) and MDC.
Look up table with window size of 7 days with Rg VPD Tair
............................................................
.............................................................
.....................................................17076
Look up table with window size of 14 days with Rg VPD Tair
.85
Look up table with window size of 7 days with Rg
38
Mean diurnal course with window size of 0 days: .
44
Mean diurnal course with window size of 1 days: .
5
Finished gap filling of 'NEE' in 11 seconds. Artificial gaps filled: 17248, real gaps filled: 22705, unfilled (long) gaps: 17792.
Ustar filtering (u * Th_1 = 0.117791268707375), marked 53% of the data as gap
Initialized variable 'NEE' with 23673 real gaps for gap filling of all 17248 values (to estimate uncertainties).
Full MDS algorithm for gap filling of 'NEE.Ustar_U95_fqc_0' with LUT(Rg, VPD, Tair) and MDC.
Look up table with window size of 7 days with Rg VPD Tair
............................................................
.............................................................
.....................................................17012
Look up table with window size of 14 days with Rg VPD Tair
..127
Look up table with window size of 7 days with Rg
.60
Mean diurnal course with window size of 0 days: .
42
Mean diurnal course with window size of 1 days: .
7
Finished gap filling of 'NEE' in 12 seconds. Artificial gaps filled: 17248, real gaps filled: 23673, unfilled (long) gaps: 17792.
Ustar filtering (u * Th_1 = 0.0696787763800886), marked 47% of the data as gap
Initialized variable 'FC' with 22355 real gaps for gap filling of all 17248 values (to estimate uncertainties).
Full MDS algorithm for gap filling of 'FC.Ustar_uStar_fqc_0' with LUT(Rg, VPD, Tair) and MDC.
Look up table with window size of 7 days with Rg VPD Tair
............................................................
.............................................................
.....................................................17076
Look up table with window size of 14 days with Rg VPD Tair
.85
Look up table with window size of 7 days with Rg
38
Mean diurnal course with window size of 0 days: .
44
Mean diurnal course with window size of 1 days: .
5
Finished gap filling of 'FC' in 11 seconds. Artificial gaps filled: 17248, real gaps filled: 22355, unfilled (long) gaps: 17792.
Ustar filtering (u * Th_1 = 0.0653642652584956), marked 45% of the data as gap
Initialized variable 'FC' with 22108 real gaps for gap filling of all 17248 values (to estimate uncertainties).
Full MDS algorithm for gap filling of 'FC.Ustar_U05_fqc_0' with LUT(Rg, VPD, Tair) and MDC.
Look up table with window size of 7 days with Rg VPD Tair
............................................................
.............................................................
.....................................................17077
Look up table with window size of 14 days with Rg VPD Tair
.84
Look up table with window size of 7 days with Rg
38
Mean diurnal course with window size of 0 days: .
44
Mean diurnal course with window size of 1 days: .
5
Finished gap filling of 'FC' in 11 seconds. Artificial gaps filled: 17248, real gaps filled: 22108, unfilled (long) gaps: 17792.
Ustar filtering (u * Th_1 = 0.0812300270877014), marked 48% of the data as gap
Initialized variable 'FC' with 22705 real gaps for gap filling of all 17248 values (to estimate uncertainties).
Full MDS algorithm for gap filling of 'FC.Ustar_U50_fqc_0' with LUT(Rg, VPD, Tair) and MDC.
Look up table with window size of 7 days with Rg VPD Tair
............................................................
.............................................................
.....................................................17076
Look up table with window size of 14 days with Rg VPD Tair
.85
Look up table with window size of 7 days with Rg
38
Mean diurnal course with window size of 0 days: .
44
Mean diurnal course with window size of 1 days: .
5
Finished gap filling of 'FC' in 12 seconds. Artificial gaps filled: 17248, real gaps filled: 22705, unfilled (long) gaps: 17792.
Ustar filtering (u * Th_1 = 0.117791268707375), marked 53% of the data as gap
Initialized variable 'FC' with 23673 real gaps for gap filling of all 17248 values (to estimate uncertainties).
Full MDS algorithm for gap filling of 'FC.Ustar_U95_fqc_0' with LUT(Rg, VPD, Tair) and MDC.
Look up table with window size of 7 days with Rg VPD Tair
............................................................
.............................................................
.....................................................17012
Look up table with window size of 14 days with Rg VPD Tair
..127
Look up table with window size of 7 days with Rg
.60
Mean diurnal course with window size of 0 days: .
42
Mean diurnal course with window size of 1 days: .
7
Finished gap filling of 'FC' in 12 seconds. Artificial gaps filled: 17248, real gaps filled: 23673, unfilled (long) gaps: 17792.
Ustar filtering (u * Th_1 = 0.0696787763800886), marked 47% of the data as gap
Initialized variable 'LE' with 23435 real gaps for gap filling of all 17247 values (to estimate uncertainties).
Full MDS algorithm for gap filling of 'LE.Ustar_uStar_fqc_0' with LUT(Rg, VPD, Tair) and MDC.
Look up table with window size of 7 days with Rg VPD Tair
............................................................
.............................................................
.....................................................17084
Look up table with window size of 14 days with Rg VPD Tair
.72
Look up table with window size of 7 days with Rg
42
Mean diurnal course with window size of 0 days: .
45
Mean diurnal course with window size of 1 days: .
4
Finished gap filling of 'LE' in 12 seconds. Artificial gaps filled: 17247, real gaps filled: 23435, unfilled (long) gaps: 17793.
Ustar filtering (u * Th_1 = 0.0653642652584956), marked 45% of the data as gap
Initialized variable 'LE' with 23201 real gaps for gap filling of all 17247 values (to estimate uncertainties).
Full MDS algorithm for gap filling of 'LE.Ustar_U05_fqc_0' with LUT(Rg, VPD, Tair) and MDC.
Look up table with window size of 7 days with Rg VPD Tair
............................................................
.............................................................
.....................................................17084
Look up table with window size of 14 days with Rg VPD Tair
.72
Look up table with window size of 7 days with Rg
42
Mean diurnal course with window size of 0 days: .
45
Mean diurnal course with window size of 1 days: .
4
Finished gap filling of 'LE' in 12 seconds. Artificial gaps filled: 17247, real gaps filled: 23201, unfilled (long) gaps: 17793.
Ustar filtering (u * Th_1 = 0.0812300270877014), marked 48% of the data as gap
Initialized variable 'LE' with 23768 real gaps for gap filling of all 17247 values (to estimate uncertainties).
Full MDS algorithm for gap filling of 'LE.Ustar_U50_fqc_0' with LUT(Rg, VPD, Tair) and MDC.
Look up table with window size of 7 days with Rg VPD Tair
............................................................
.............................................................
.....................................................17084
Look up table with window size of 14 days with Rg VPD Tair
.72
Look up table with window size of 7 days with Rg
42
Mean diurnal course with window size of 0 days: .
45
Mean diurnal course with window size of 1 days: .
4
Finished gap filling of 'LE' in 14 seconds. Artificial gaps filled: 17247, real gaps filled: 23768, unfilled (long) gaps: 17793.
Ustar filtering (u * Th_1 = 0.117791268707375), marked 53% of the data as gap
Initialized variable 'LE' with 24621 real gaps for gap filling of all 17247 values (to estimate uncertainties).
Full MDS algorithm for gap filling of 'LE.Ustar_U95_fqc_0' with LUT(Rg, VPD, Tair) and MDC.
Look up table with window size of 7 days with Rg VPD Tair
............................................................
.............................................................
.....................................................17049
Look up table with window size of 14 days with Rg VPD Tair
.89
Look up table with window size of 7 days with Rg
.60
Mean diurnal course with window size of 0 days: .
42
Mean diurnal course with window size of 1 days: .
7
Finished gap filling of 'LE' in 13 seconds. Artificial gaps filled: 17247, real gaps filled: 24621, unfilled (long) gaps: 17793.
Ustar filtering (u * Th_1 = 0.0696787763800886), marked 47% of the data as gap
Initialized variable 'H' with 21408 real gaps for gap filling of all 17247 values (to estimate uncertainties).
Full MDS algorithm for gap filling of 'H.Ustar_uStar_fqc_0' with LUT(Rg, VPD, Tair) and MDC.
Look up table with window size of 7 days with Rg VPD Tair
............................................................
.............................................................
.....................................................17116
Look up table with window size of 14 days with Rg VPD Tair
.54
Look up table with window size of 7 days with Rg
28
Mean diurnal course with window size of 0 days: .
45
Mean diurnal course with window size of 1 days: .
4
Finished gap filling of 'H' in 12 seconds. Artificial gaps filled: 17247, real gaps filled: 21408, unfilled (long) gaps: 17793.
Ustar filtering (u * Th_1 = 0.0653642652584956), marked 45% of the data as gap
Initialized variable 'H' with 21125 real gaps for gap filling of all 17247 values (to estimate uncertainties).
Full MDS algorithm for gap filling of 'H.Ustar_U05_fqc_0' with LUT(Rg, VPD, Tair) and MDC.
Look up table with window size of 7 days with Rg VPD Tair
............................................................
.............................................................
.....................................................17116
Look up table with window size of 14 days with Rg VPD Tair
.54
Look up table with window size of 7 days with Rg
28
Mean diurnal course with window size of 0 days: .
45
Mean diurnal course with window size of 1 days: .
4
Finished gap filling of 'H' in 11 seconds. Artificial gaps filled: 17247, real gaps filled: 21125, unfilled (long) gaps: 17793.
Ustar filtering (u * Th_1 = 0.0812300270877014), marked 48% of the data as gap
Initialized variable 'H' with 21828 real gaps for gap filling of all 17247 values (to estimate uncertainties).
Full MDS algorithm for gap filling of 'H.Ustar_U50_fqc_0' with LUT(Rg, VPD, Tair) and MDC.
Look up table with window size of 7 days with Rg VPD Tair
............................................................
.............................................................
.....................................................17116
Look up table with window size of 14 days with Rg VPD Tair
.54
Look up table with window size of 7 days with Rg
28
Mean diurnal course with window size of 0 days: .
45
Mean diurnal course with window size of 1 days: .
4
Finished gap filling of 'H' in 12 seconds. Artificial gaps filled: 17247, real gaps filled: 21828, unfilled (long) gaps: 17793.
Ustar filtering (u * Th_1 = 0.117791268707375), marked 53% of the data as gap
Initialized variable 'H' with 22919 real gaps for gap filling of all 17247 values (to estimate uncertainties).
Full MDS algorithm for gap filling of 'H.Ustar_U95_fqc_0' with LUT(Rg, VPD, Tair) and MDC.
Look up table with window size of 7 days with Rg VPD Tair
............................................................
.............................................................
.....................................................17085
Look up table with window size of 14 days with Rg VPD Tair
.69
Look up table with window size of 7 days with Rg
44
Mean diurnal course with window size of 0 days: .
42
Mean diurnal course with window size of 1 days: .
7
Finished gap filling of 'H' in 12 seconds. Artificial gaps filled: 17247, real gaps filled: 22919, unfilled (long) gaps: 17793.
Ustar filtering (u * Th_1 = 0.0696787763800886), marked 47% of the data as gap
Initialized variable 'FCH4' with 26086 real gaps for gap filling of all 17090 values (to estimate uncertainties).
Full MDS algorithm for gap filling of 'FCH4.Ustar_uStar_fqc_0' with LUT(Rg, VPD, Tair) and MDC.
Look up table with window size of 7 days with Rg VPD Tair
............................................................
.............................................................
...................................................16899
Look up table with window size of 14 days with Rg VPD Tair
.95
Look up table with window size of 7 days with Rg
47
Mean diurnal course with window size of 0 days: .
32
Mean diurnal course with window size of 1 days: .
16
Mean diurnal course with window size of 2 days: .
1
Finished gap filling of 'FCH4' in 11 seconds. Artificial gaps filled: 17090, real gaps filled: 26086, unfilled (long) gaps: 17950.
Ustar filtering (u * Th_1 = 0.0653642652584956), marked 45% of the data as gap
Initialized variable 'FCH4' with 25890 real gaps for gap filling of all 17090 values (to estimate uncertainties).
Full MDS algorithm for gap filling of 'FCH4.Ustar_U05_fqc_0' with LUT(Rg, VPD, Tair) and MDC.
Look up table with window size of 7 days with Rg VPD Tair
............................................................
.............................................................
...................................................16899
Look up table with window size of 14 days with Rg VPD Tair
.95
Look up table with window size of 7 days with Rg
47
Mean diurnal course with window size of 0 days: .
32
Mean diurnal course with window size of 1 days: .
16
Mean diurnal course with window size of 2 days: .
1
Finished gap filling of 'FCH4' in 11 seconds. Artificial gaps filled: 17090, real gaps filled: 25890, unfilled (long) gaps: 17950.
Ustar filtering (u * Th_1 = 0.0812300270877014), marked 48% of the data as gap
Initialized variable 'FCH4' with 26339 real gaps for gap filling of all 17090 values (to estimate uncertainties).
Full MDS algorithm for gap filling of 'FCH4.Ustar_U50_fqc_0' with LUT(Rg, VPD, Tair) and MDC.
Look up table with window size of 7 days with Rg VPD Tair
............................................................
.............................................................
...................................................16891
Look up table with window size of 14 days with Rg VPD Tair
.103
Look up table with window size of 7 days with Rg
47
Mean diurnal course with window size of 0 days: .
32
Mean diurnal course with window size of 1 days: .
15
Mean diurnal course with window size of 2 days: .
1
Look up table with window size of 21 days with Rg VPD Tair
0
Look up table with window size of 28 days with Rg VPD Tair
0
Look up table with window size of 35 days with Rg VPD Tair
0
Look up table with window size of 42 days with Rg VPD Tair
0
Look up table with window size of 49 days with Rg VPD Tair
0
Look up table with window size of 56 days with Rg VPD Tair
0
Look up table with window size of 63 days with Rg VPD Tair
0
Look up table with window size of 70 days with Rg VPD Tair
0
Look up table with window size of 14 days with Rg
0
Look up table with window size of 21 days with Rg
0
Look up table with window size of 28 days with Rg
0
Look up table with window size of 35 days with Rg
0
Look up table with window size of 42 days with Rg
0
Look up table with window size of 49 days with Rg
0
Look up table with window size of 56 days with Rg
0
Look up table with window size of 63 days with Rg
0
Look up table with window size of 70 days with Rg
0
Mean diurnal course with window size of 7 days: .
1
Finished gap filling of 'FCH4' in 12 seconds. Artificial gaps filled: 17090, real gaps filled: 26339, unfilled (long) gaps: 17950.
Ustar filtering (u * Th_1 = 0.117791268707375), marked 53% of the data as gap
Initialized variable 'FCH4' with 26988 real gaps for gap filling of all 17090 values (to estimate uncertainties).
Full MDS algorithm for gap filling of 'FCH4.Ustar_U95_fqc_0' with LUT(Rg, VPD, Tair) and MDC.
Look up table with window size of 7 days with Rg VPD Tair
............................................................
.............................................................
...................................................16807
Look up table with window size of 14 days with Rg VPD Tair
..168
Look up table with window size of 7 days with Rg
.66
Mean diurnal course with window size of 0 days: .
29
Mean diurnal course with window size of 1 days: .
14
Mean diurnal course with window size of 2 days: .
3
Look up table with window size of 21 days with Rg VPD Tair
0
Look up table with window size of 28 days with Rg VPD Tair
0
Look up table with window size of 35 days with Rg VPD Tair
0
Look up table with window size of 42 days with Rg VPD Tair
0
Look up table with window size of 49 days with Rg VPD Tair
0
Look up table with window size of 56 days with Rg VPD Tair
0
Look up table with window size of 63 days with Rg VPD Tair
0
Look up table with window size of 70 days with Rg VPD Tair
0
Look up table with window size of 14 days with Rg
0
Look up table with window size of 21 days with Rg
0
Look up table with window size of 28 days with Rg
0
Look up table with window size of 35 days with Rg
0
Look up table with window size of 42 days with Rg
0
Look up table with window size of 49 days with Rg
0
Look up table with window size of 56 days with Rg
0
Look up table with window size of 63 days with Rg
0
Look up table with window size of 70 days with Rg
0
Mean diurnal course with window size of 7 days: .
3
Finished gap filling of 'FCH4' in 11 seconds. Artificial gaps filled: 17090, real gaps filled: 26988, unfilled (long) gaps: 17950.
Initialized variable 'Tair' with 13039 real gaps for gap filling.
Limited MDS algorithm for gap filling of 'Tair' with LUT(Rg only) and MDC.
Finished gap filling of 'Tair' in 0 seconds. Artificial gaps filled: 22001, real gaps filled: 13039, unfilled (long) gaps: 13039.
Initialized variable 'VPD' with 13039 real gaps for gap filling.
Limited MDS algorithm for gap filling of 'VPD' with LUT(Rg only) and MDC.
Finished gap filling of 'VPD' in 0 seconds. Artificial gaps filled: 22001, real gaps filled: 13039, unfilled (long) gaps: 13039.
Initialized variable 'Rg' with 13087 real gaps for gap filling.
Restriced MDS algorithm for gap filling of 'Rg' with no meteo conditions and hence only MDC.
Mean diurnal course with window size of 0 days: .
2
Mean diurnal course with window size of 1 days: .
46
Finished gap filling of 'Rg' in 0 seconds. Artificial gaps filled: 22001, real gaps filled: 13087, unfilled (long) gaps: 13039.
Start flux partitioning for variable NEE_U05_f with temperature Tair_f.
Estimate of the temperature sensitivity E_0 from short term data: 88.48.
Regression of reference temperature R_ref for 92 periods.
Start flux partitioning for variable NEE_U50_f with temperature Tair_f.
Estimate of the temperature sensitivity E_0 from short term data: 97.8.
Regression of reference temperature R_ref for 92 periods.
Start flux partitioning for variable NEE_U95_f with temperature Tair_f.
Estimate of the temperature sensitivity E_0 from short term data: 118.57.
Regression of reference temperature R_ref for 91 periods.
Start flux partitioning for variable NEE_uStar_f with temperature Tair_f.
Estimate of the temperature sensitivity E_0 from short term data: 96.77.
Regression of reference temperature R_ref for 92 periods.
Start daytime flux partitioning for variable NEE_U05_f with temperature Tair_f.
  Estimating temperature sensitivity from night time NEE , 1, 3, 5, 7, 9, 11, 13, 15, 17, 19, 21, 23, 25, 27, 29, 31, 33, 35, 37, 39, 41, 43, 45, 47, 49, 51, 53, 55, 57, 59, 61, 63, 65, 67, 69, 71, 73, 75, 77, 79, 81, 83, 85, 87, 89, 91, 93, 95, 97, 99, 101, 103, 105, 107, 109, 111, 113, 115, 117, 119, 121, 123, 125, 127, 129, 131, 133, 135, 137, 139, 141, 143, 145, 147, 149, 151, 153, 155, 157, 159, 161, 163, 165, 167, 169, 171, 173, 175, 177, 179, 181, 183, 185, 187, 189, 191, 193, 195, 197, 199, 201, 203, 205, 207, 209, 211, 213, 215, 217, 219, 221, 223, 225, 227, 229, 231, 233, 235, 237, 239, 241, 243, 245, 247, 249, 251, 253, 255, 257, 259, 261, 263, 265, 267, 269, 271, 273, 275, 277, 279, 281, 283, 285, 287, 289, 291, 293, 295, 297, 299, 301, 303, 305, 307, 309, 311, 313, 315, 317, 319, 321, 323, 325, 327, 329, 331, 333, 335, 337, 339, 341, 343, 345, 347, 349, 351, 353, 355, 357, 359, 361, 363, 365, 367, 369, 371, 373, 375, 377, 379, 381, 383, 385, 387, 389, 391, 393, 395, 397, 399, 401, 403, 405, 407, 409, 411, 413, 415, 417, 419, 421, 423, 425, 427, 429, 431, 433, 435, 437, 439, 441, 443, 445, 447, 449, 451, 453, 455, 457, 459, 461, 463, 465, 467, 469, 471, 473, 475, 477, 479, 481, 483, 485, 487, 489, 491, 493, 495, 497, 499, 501, 503, 505, 507, 509, 511, 513, 515, 517, 519, 521, 523, 525, 527, 529, 531, 533, 535, 537, 539, 541, 543, 545, 547, 549, 551, 553, 555, 557, 559, 561, 563, 565, 567, 569, 571, 573, 575, 577, 579, 581, 583, 585, 587, 589, 591, 593, 595, 597, 599, 601, 603, 605, 607, 609, 611, 613, 615, 617, 619, 621, 623, 625, 627, 629, 631, 633, 635, 637, 639, 641, 643, 645, 647, 649, 651, 653, 655, 657, 659, 661, 663, 665, 667, 669, 671, 673, 675, 677, 679, 681, 683, 685, 687, 689, 691, 693, 695, 697, 699, 701, 703, 705, 707, 709, 711, 713, 715, 717, 719, 721, 723, 725, 727
    increase window size to 24, 1, 3, 5, 7, 9, 11, 13, 15, 17, 19, 21, 23, 25, 27, 29, 31, 33, 35, 37, 39, 41, 43, 45, 47, 49, 51, 53, 55, 57, 59, 61, 63, 65, 67, 69, 71, 73, 75, 77, 79, 81, 83, 85, 87, 89, 91, 93, 95, 97, 99, 101, 103, 105, 107, 109, 111, 113, 115, 117, 119, 121, 123, 125, 127, 129, 131, 133, 135, 137, 139, 141, 143, 145, 147, 149, 151, 153, 155, 157, 159, 161, 163, 165, 167, 169, 171, 173, 175, 177, 179, 181, 183, 185, 187, 189, 191, 193, 195, 197, 199, 201, 203, 205, 207, 209, 211, 213, 215, 217, 219, 221, 223, 225, 227, 229, 231, 233, 235, 237, 239, 241, 243, 245, 247, 249, 251, 253, 255, 257, 259, 261, 263, 265, 267, 269, 271, 273, 275, 277, 279, 281, 283, 285, 287, 289, 291, 293, 295, 297, 299, 301, 303, 305, 307, 309, 311, 313, 315, 317, 319, 321, 323, 325, 327, 329, 331, 333, 335, 337, 339, 341, 343, 345, 347, 349, 351, 353, 355, 357, 359, 361, 363, 365, 367, 369, 371, 373, 375, 377, 379, 381, 383, 385, 387, 389, 391, 393, 395, 397, 399, 401, 403, 405, 407, 409, 411, 413, 415, 417, 419, 421, 423, 425, 427, 429, 431, 433, 435, 437, 439, 441, 443, 445, 447, 449, 451, 453, 455, 457, 459, 461, 463, 465, 467, 469, 471, 473, 475, 477, 479, 481, 483, 485, 487, 489, 491, 493, 495, 497, 499, 501, 503, 505, 507, 509, 511, 513, 515, 517, 519, 521, 523, 525, 527, 529, 531, 533, 535, 537, 539, 541, 543, 545, 547, 549, 551, 553, 555, 557, 559, 561, 563, 565, 567, 569, 571, 573, 575, 577, 579, 581, 583, 585, 587, 589, 591, 593, 595, 597, 599, 601, 603, 605, 607, 609, 611, 613, 615, 617, 619, 621, 623, 625, 627, 629, 631, 633, 635, 637, 639, 641, 643, 645, 647, 649, 651, 653, 655, 657, 659, 661, 663, 665, 667, 669, 671, 673, 675, 677, 679, 681, 683, 685, 687, 689, 691, 693, 695, 697, 699, 701, 703, 705, 707, 709, 711, 713, 715, 717, 719, 721, 723, 725, 727
    increase window size to 48, 1, 3, 5, 7, 9, 11, 13, 15, 17, 19, 21, 23, 25, 27, 29, 31, 33, 35, 37, 39, 41, 43, 45, 47, 49, 51, 53, 55, 57, 59, 61, 63, 65, 67, 69, 71, 73, 75, 77, 79, 81, 83, 85, 87, 89, 91, 93, 95, 97, 99, 101, 103, 105, 107, 109, 111, 113, 115, 117, 119, 121, 123, 125, 127, 129, 131, 133, 135, 137, 139, 141, 143, 145, 147, 149, 151, 153, 155, 157, 159, 161, 163, 165, 167, 169, 171, 173, 175, 177, 179, 181, 183, 185, 187, 189, 191, 193, 195, 197, 199, 201, 203, 205, 207, 209, 211, 213, 215, 217, 219, 221, 223, 225, 227, 229, 231, 233, 235, 237, 239, 241, 243, 245, 247, 249, 251, 253, 255, 257, 259, 261, 263, 265, 267, 269, 271, 273, 275, 277, 279, 281, 283, 285, 287, 289, 291, 293, 295, 297, 299, 301, 303, 305, 307, 309, 311, 313, 315, 317, 319, 321, 323, 325, 327, 329, 331, 333, 335, 337, 339, 341, 343, 345, 347, 349, 351, 353, 355, 357, 359, 361, 363, 365, 367, 369, 371, 373, 375, 377, 379, 381, 383, 385, 387, 389, 391, 393, 395, 397, 399, 401, 403, 405, 407, 409, 411, 413, 415, 417, 419, 421, 423, 425, 427, 429, 431, 433, 435, 437, 439, 441, 443, 445, 447, 449, 451, 453, 455, 457, 459, 461, 463, 465, 467, 469, 471, 473, 475, 477, 479, 481, 483, 485, 487, 489, 491, 493, 495, 497, 499, 501, 503, 505, 507, 509, 511, 513, 515, 517, 519, 521, 523, 525, 527, 529, 531, 533, 535, 537, 539, 541, 543, 545, 547, 549, 551, 553, 555, 557, 559, 561, 563, 565, 567, 569, 571, 573, 575, 577, 579, 581, 583, 585, 587, 589, 591, 593, 595, 597, 599, 601, 603, 605, 607, 609, 611, 613, 615, 617, 619, 621, 623, 625, 627, 629, 631, 633, 635, 637, 639, 641, 643, 645, 647, 649, 651, 653, 655, 657, 659, 661, 663, 665, 667, 669, 671, 673, 675, 677, 679, 681, 683, 685, 687, 689, 691, 693, 695, 697, 699, 701, 703, 705, 707, 709, 711, 713, 715, 717, 719, 721, 723, 725, 727
  Smoothing temperature sensitivity estimates
Loading required namespace: mlegp
  Estimating respiration at reference temperature for smoothed temperature sensitivity from night time NEE , 1, 3, 5, 7, 9, 11, 13, 15, 17, 19, 21, 23, 25, 27, 29, 31, 33, 35, 37, 39, 41, 43, 45, 47, 49, 51, 53, 55, 57, 59, 61, 63, 65, 67, 69, 71, 73, 75, 77, 79, 81, 83, 85, 87, 89, 91, 93, 95, 97, 99, 101, 103, 105, 107, 109, 111, 113, 115, 117, 119, 121, 123, 125, 127, 129, 131, 133, 135, 137, 139, 141, 143, 145, 147, 149, 151, 153, 155, 157, 159, 161, 163, 165, 167, 169, 171, 173, 175, 177, 179, 181, 183, 185, 187, 189, 191, 193, 195, 197, 199, 201, 203, 205, 207, 209, 211, 213, 215, 217, 219, 221, 223, 225, 227, 229, 231, 233, 235, 237, 239, 241, 243, 245, 247, 249, 251, 253, 255, 257, 259, 261, 263, 265, 267, 269, 271, 273, 275, 277, 279, 281, 283, 285, 287, 289, 291, 293, 295, 297, 299, 301, 303, 305, 307, 309, 311, 313, 315, 317, 319, 321, 323, 325, 327, 329, 331, 333, 335, 337, 339, 341, 343, 345, 347, 349, 351, 353, 355, 357, 359, 361, 363, 365, 367, 369, 371, 373, 375, 377, 379, 381, 383, 385, 387, 389, 391, 393, 395, 397, 399, 401, 403, 405, 407, 409, 411, 413, 415, 417, 419, 421, 423, 425, 427, 429, 431, 433, 435, 437, 439, 441, 443, 445, 447, 449, 451, 453, 455, 457, 459, 461, 463, 465, 467, 469, 471, 473, 475, 477, 479, 481, 483, 485, 487, 489, 491, 493, 495, 497, 499, 501, 503, 505, 507, 509, 511, 513, 515, 517, 519, 521, 523, 525, 527, 529, 531, 533, 535, 537, 539, 541, 543, 545, 547, 549, 551, 553, 555, 557, 559, 561, 563, 565, 567, 569, 571, 573, 575, 577, 579, 581, 583, 585, 587, 589, 591, 593, 595, 597, 599, 601, 603, 605, 607, 609, 611, 613, 615, 617, 619, 621, 623, 625, 627, 629, 631, 633, 635, 637, 639, 641, 643, 645, 647, 649, 651, 653, 655, 657, 659, 661, 663, 665, 667, 669, 671, 673, 675, 677, 679, 681, 683, 685, 687, 689, 691, 693, 695, 697, 699, 701, 703, 705, 707, 709, 711, 713, 715, 717, 719, 721, 723, 725, 727
  Estimating light response curve parameters from day time NEE , 1, 3, 5, 7, 9, 11, 13, 15, 17, 19, 21, 23, 25, 27, 29, 31, 33, 35, 37, 39, 41, 43, 45, 47, 49, 51, 53, 55, 57, 59, 61, 63, 65, 67, 69, 71, 73, 75, 77, 79, 81, 83, 85, 87, 89, 91, 93, 95, 97, 99, 101, 103, 105, 107, 109, 111, 113, 115, 117, 119, 121, 123, 125, 127, 129, 131, 133, 135, 137, 139, 141, 143, 145, 147, 149, 151, 153, 155, 157, 159, 161, 163, 165, 167, 169, 171, 173, 175, 177, 179, 181, 183, 185, 187, 189, 191, 193, 195, 197, 199, 201, 203, 205, 207, 209, 211, 213, 215, 217, 219, 221, 223, 225, 227, 229, 231, 233, 235, 237, 239, 241, 243, 245, 247, 249, 251, 253, 255, 257, 259, 261, 263, 265, 267, 269, 271, 273, 275, 277, 279, 281, 283, 285, 287, 289, 291, 293, 295, 297, 299, 301, 303, 305, 307, 309, 311, 313, 315, 317, 319, 321, 323, 325, 327, 329, 331, 333, 335, 337, 339, 341, 343, 345, 347, 349, 351, 353, 355, 357, 359, 361, 363, 365, 367, 369, 371, 373, 375, 377, 379, 381, 383, 385, 387, 389, 391, 393, 395, 397, 399, 401, 403, 405, 407, 409, 411, 413, 415, 417, 419, 421, 423, 425, 427, 429, 431, 433, 435, 437, 439, 441, 443, 445, 447, 449, 451, 453, 455, 457, 459, 461, 463, 465, 467, 469, 471, 473, 475, 477, 479, 481, 483, 485, 487, 489, 491, 493, 495, 497, 499, 501, 503, 505, 507, 509, 511, 513, 515, 517, 519, 521, 523, 525, 527, 529, 531, 533, 535, 537, 539, 541, 543, 545, 547, 549, 551, 553, 555, 557, 559, 561, 563, 565, 567, 569, 571, 573, 575, 577, 579, 581, 583, 585, 587, 589, 591, 593, 595, 597, 599, 601, 603, 605, 607, 609, 611, 613, 615, 617, 619, 621, 623, 625, 627, 629, 631, 633, 635, 637, 639, 641, 643, 645, 647, 649, 651, 653, 655, 657, 659, 661, 663, 665, 667, 669, 671, 673, 675, 677, 679, 681, 683, 685, 687, 689, 691, 693, 695, 697, 699, 701, 703, 705, 707, 709, 711, 713, 715, 717, 719, 721, 723, 725, 727
  could not predict GPP in 13039 cases due to missing VPD.
    Therefore refitting LightResponseCurve with option isNeglectVPDEffect = TRUE
  Estimating light response curve parameters from day time NEE , 1, 3, 5, 7, 9, 11, 13, 15, 17, 19, 21, 23, 25, 27, 29, 31, 33, 35, 37, 39, 41, 43, 45, 47, 49, 51, 53, 55, 57, 59, 61, 63, 65, 67, 69, 71, 73, 75, 77, 79, 81, 83, 85, 87, 89, 91, 93, 95, 97, 99, 101, 103, 105, 107, 109, 111, 113, 115, 117, 119, 121, 123, 125, 127, 129, 131, 133, 135, 137, 139, 141, 143, 145, 147, 149, 151, 153, 155, 157, 159, 161, 163, 165, 167, 169, 171, 173, 175, 177, 179, 181, 183, 185, 187, 189, 191, 193, 195, 197, 199, 201, 203, 205, 207, 209, 211, 213, 215, 217, 219, 221, 223, 225, 227, 229, 231, 233, 235, 237, 239, 241, 243, 245, 247, 249, 251, 253, 255, 257, 259, 261, 263, 265, 267, 269, 271, 273, 275, 277, 279, 281, 283, 285, 287, 289, 291, 293, 295, 297, 299, 301, 303, 305, 307, 309, 311, 313, 315, 317, 319, 321, 323, 325, 327, 329, 331, 333, 335, 337, 339, 341, 343, 345, 347, 349, 351, 353, 355, 357, 359, 361, 363, 365, 367, 369, 371, 373, 375, 377, 379, 381, 383, 385, 387, 389, 391, 393, 395, 397, 399, 401, 403, 405, 407, 409, 411, 413, 415, 417, 419, 421, 423, 425, 427, 429, 431, 433, 435, 437, 439, 441, 443, 445, 447, 449, 451, 453, 455, 457, 459, 461, 463, 465, 467, 469, 471, 473, 475, 477, 479, 481, 483, 485, 487, 489, 491, 493, 495, 497, 499, 501, 503, 505, 507, 509, 511, 513, 515, 517, 519, 521, 523, 525, 527, 529, 531, 533, 535, 537, 539, 541, 543, 545, 547, 549, 551, 553, 555, 557, 559, 561, 563, 565, 567, 569, 571, 573, 575, 577, 579, 581, 583, 585, 587, 589, 591, 593, 595, 597, 599, 601, 603, 605, 607, 609, 611, 613, 615, 617, 619, 621, 623, 625, 627, 629, 631, 633, 635, 637, 639, 641, 643, 645, 647, 649, 651, 653, 655, 657, 659, 661, 663, 665, 667, 669, 671, 673, 675, 677, 679, 681, 683, 685, 687, 689, 691, 693, 695, 697, 699, 701, 703, 705, 707, 709, 711, 713, 715, 717, 719, 721, 723, 725, 727
Start daytime flux partitioning for variable NEE_U50_f with temperature Tair_f.
  Estimating temperature sensitivity from night time NEE , 1, 3, 5, 7, 9, 11, 13, 15, 17, 19, 21, 23, 25, 27, 29, 31, 33, 35, 37, 39, 41, 43, 45, 47, 49, 51, 53, 55, 57, 59, 61, 63, 65, 67, 69, 71, 73, 75, 77, 79, 81, 83, 85, 87, 89, 91, 93, 95, 97, 99, 101, 103, 105, 107, 109, 111, 113, 115, 117, 119, 121, 123, 125, 127, 129, 131, 133, 135, 137, 139, 141, 143, 145, 147, 149, 151, 153, 155, 157, 159, 161, 163, 165, 167, 169, 171, 173, 175, 177, 179, 181, 183, 185, 187, 189, 191, 193, 195, 197, 199, 201, 203, 205, 207, 209, 211, 213, 215, 217, 219, 221, 223, 225, 227, 229, 231, 233, 235, 237, 239, 241, 243, 245, 247, 249, 251, 253, 255, 257, 259, 261, 263, 265, 267, 269, 271, 273, 275, 277, 279, 281, 283, 285, 287, 289, 291, 293, 295, 297, 299, 301, 303, 305, 307, 309, 311, 313, 315, 317, 319, 321, 323, 325, 327, 329, 331, 333, 335, 337, 339, 341, 343, 345, 347, 349, 351, 353, 355, 357, 359, 361, 363, 365, 367, 369, 371, 373, 375, 377, 379, 381, 383, 385, 387, 389, 391, 393, 395, 397, 399, 401, 403, 405, 407, 409, 411, 413, 415, 417, 419, 421, 423, 425, 427, 429, 431, 433, 435, 437, 439, 441, 443, 445, 447, 449, 451, 453, 455, 457, 459, 461, 463, 465, 467, 469, 471, 473, 475, 477, 479, 481, 483, 485, 487, 489, 491, 493, 495, 497, 499, 501, 503, 505, 507, 509, 511, 513, 515, 517, 519, 521, 523, 525, 527, 529, 531, 533, 535, 537, 539, 541, 543, 545, 547, 549, 551, 553, 555, 557, 559, 561, 563, 565, 567, 569, 571, 573, 575, 577, 579, 581, 583, 585, 587, 589, 591, 593, 595, 597, 599, 601, 603, 605, 607, 609, 611, 613, 615, 617, 619, 621, 623, 625, 627, 629, 631, 633, 635, 637, 639, 641, 643, 645, 647, 649, 651, 653, 655, 657, 659, 661, 663, 665, 667, 669, 671, 673, 675, 677, 679, 681, 683, 685, 687, 689, 691, 693, 695, 697, 699, 701, 703, 705, 707, 709, 711, 713, 715, 717, 719, 721, 723, 725, 727
    increase window size to 24, 1, 3, 5, 7, 9, 11, 13, 15, 17, 19, 21, 23, 25, 27, 29, 31, 33, 35, 37, 39, 41, 43, 45, 47, 49, 51, 53, 55, 57, 59, 61, 63, 65, 67, 69, 71, 73, 75, 77, 79, 81, 83, 85, 87, 89, 91, 93, 95, 97, 99, 101, 103, 105, 107, 109, 111, 113, 115, 117, 119, 121, 123, 125, 127, 129, 131, 133, 135, 137, 139, 141, 143, 145, 147, 149, 151, 153, 155, 157, 159, 161, 163, 165, 167, 169, 171, 173, 175, 177, 179, 181, 183, 185, 187, 189, 191, 193, 195, 197, 199, 201, 203, 205, 207, 209, 211, 213, 215, 217, 219, 221, 223, 225, 227, 229, 231, 233, 235, 237, 239, 241, 243, 245, 247, 249, 251, 253, 255, 257, 259, 261, 263, 265, 267, 269, 271, 273, 275, 277, 279, 281, 283, 285, 287, 289, 291, 293, 295, 297, 299, 301, 303, 305, 307, 309, 311, 313, 315, 317, 319, 321, 323, 325, 327, 329, 331, 333, 335, 337, 339, 341, 343, 345, 347, 349, 351, 353, 355, 357, 359, 361, 363, 365, 367, 369, 371, 373, 375, 377, 379, 381, 383, 385, 387, 389, 391, 393, 395, 397, 399, 401, 403, 405, 407, 409, 411, 413, 415, 417, 419, 421, 423, 425, 427, 429, 431, 433, 435, 437, 439, 441, 443, 445, 447, 449, 451, 453, 455, 457, 459, 461, 463, 465, 467, 469, 471, 473, 475, 477, 479, 481, 483, 485, 487, 489, 491, 493, 495, 497, 499, 501, 503, 505, 507, 509, 511, 513, 515, 517, 519, 521, 523, 525, 527, 529, 531, 533, 535, 537, 539, 541, 543, 545, 547, 549, 551, 553, 555, 557, 559, 561, 563, 565, 567, 569, 571, 573, 575, 577, 579, 581, 583, 585, 587, 589, 591, 593, 595, 597, 599, 601, 603, 605, 607, 609, 611, 613, 615, 617, 619, 621, 623, 625, 627, 629, 631, 633, 635, 637, 639, 641, 643, 645, 647, 649, 651, 653, 655, 657, 659, 661, 663, 665, 667, 669, 671, 673, 675, 677, 679, 681, 683, 685, 687, 689, 691, 693, 695, 697, 699, 701, 703, 705, 707, 709, 711, 713, 715, 717, 719, 721, 723, 725, 727
    increase window size to 48, 1, 3, 5, 7, 9, 11, 13, 15, 17, 19, 21, 23, 25, 27, 29, 31, 33, 35, 37, 39, 41, 43, 45, 47, 49, 51, 53, 55, 57, 59, 61, 63, 65, 67, 69, 71, 73, 75, 77, 79, 81, 83, 85, 87, 89, 91, 93, 95, 97, 99, 101, 103, 105, 107, 109, 111, 113, 115, 117, 119, 121, 123, 125, 127, 129, 131, 133, 135, 137, 139, 141, 143, 145, 147, 149, 151, 153, 155, 157, 159, 161, 163, 165, 167, 169, 171, 173, 175, 177, 179, 181, 183, 185, 187, 189, 191, 193, 195, 197, 199, 201, 203, 205, 207, 209, 211, 213, 215, 217, 219, 221, 223, 225, 227, 229, 231, 233, 235, 237, 239, 241, 243, 245, 247, 249, 251, 253, 255, 257, 259, 261, 263, 265, 267, 269, 271, 273, 275, 277, 279, 281, 283, 285, 287, 289, 291, 293, 295, 297, 299, 301, 303, 305, 307, 309, 311, 313, 315, 317, 319, 321, 323, 325, 327, 329, 331, 333, 335, 337, 339, 341, 343, 345, 347, 349, 351, 353, 355, 357, 359, 361, 363, 365, 367, 369, 371, 373, 375, 377, 379, 381, 383, 385, 387, 389, 391, 393, 395, 397, 399, 401, 403, 405, 407, 409, 411, 413, 415, 417, 419, 421, 423, 425, 427, 429, 431, 433, 435, 437, 439, 441, 443, 445, 447, 449, 451, 453, 455, 457, 459, 461, 463, 465, 467, 469, 471, 473, 475, 477, 479, 481, 483, 485, 487, 489, 491, 493, 495, 497, 499, 501, 503, 505, 507, 509, 511, 513, 515, 517, 519, 521, 523, 525, 527, 529, 531, 533, 535, 537, 539, 541, 543, 545, 547, 549, 551, 553, 555, 557, 559, 561, 563, 565, 567, 569, 571, 573, 575, 577, 579, 581, 583, 585, 587, 589, 591, 593, 595, 597, 599, 601, 603, 605, 607, 609, 611, 613, 615, 617, 619, 621, 623, 625, 627, 629, 631, 633, 635, 637, 639, 641, 643, 645, 647, 649, 651, 653, 655, 657, 659, 661, 663, 665, 667, 669, 671, 673, 675, 677, 679, 681, 683, 685, 687, 689, 691, 693, 695, 697, 699, 701, 703, 705, 707, 709, 711, 713, 715, 717, 719, 721, 723, 725, 727
  Smoothing temperature sensitivity estimates
  Estimating respiration at reference temperature for smoothed temperature sensitivity from night time NEE , 1, 3, 5, 7, 9, 11, 13, 15, 17, 19, 21, 23, 25, 27, 29, 31, 33, 35, 37, 39, 41, 43, 45, 47, 49, 51, 53, 55, 57, 59, 61, 63, 65, 67, 69, 71, 73, 75, 77, 79, 81, 83, 85, 87, 89, 91, 93, 95, 97, 99, 101, 103, 105, 107, 109, 111, 113, 115, 117, 119, 121, 123, 125, 127, 129, 131, 133, 135, 137, 139, 141, 143, 145, 147, 149, 151, 153, 155, 157, 159, 161, 163, 165, 167, 169, 171, 173, 175, 177, 179, 181, 183, 185, 187, 189, 191, 193, 195, 197, 199, 201, 203, 205, 207, 209, 211, 213, 215, 217, 219, 221, 223, 225, 227, 229, 231, 233, 235, 237, 239, 241, 243, 245, 247, 249, 251, 253, 255, 257, 259, 261, 263, 265, 267, 269, 271, 273, 275, 277, 279, 281, 283, 285, 287, 289, 291, 293, 295, 297, 299, 301, 303, 305, 307, 309, 311, 313, 315, 317, 319, 321, 323, 325, 327, 329, 331, 333, 335, 337, 339, 341, 343, 345, 347, 349, 351, 353, 355, 357, 359, 361, 363, 365, 367, 369, 371, 373, 375, 377, 379, 381, 383, 385, 387, 389, 391, 393, 395, 397, 399, 401, 403, 405, 407, 409, 411, 413, 415, 417, 419, 421, 423, 425, 427, 429, 431, 433, 435, 437, 439, 441, 443, 445, 447, 449, 451, 453, 455, 457, 459, 461, 463, 465, 467, 469, 471, 473, 475, 477, 479, 481, 483, 485, 487, 489, 491, 493, 495, 497, 499, 501, 503, 505, 507, 509, 511, 513, 515, 517, 519, 521, 523, 525, 527, 529, 531, 533, 535, 537, 539, 541, 543, 545, 547, 549, 551, 553, 555, 557, 559, 561, 563, 565, 567, 569, 571, 573, 575, 577, 579, 581, 583, 585, 587, 589, 591, 593, 595, 597, 599, 601, 603, 605, 607, 609, 611, 613, 615, 617, 619, 621, 623, 625, 627, 629, 631, 633, 635, 637, 639, 641, 643, 645, 647, 649, 651, 653, 655, 657, 659, 661, 663, 665, 667, 669, 671, 673, 675, 677, 679, 681, 683, 685, 687, 689, 691, 693, 695, 697, 699, 701, 703, 705, 707, 709, 711, 713, 715, 717, 719, 721, 723, 725, 727
  Estimating light response curve parameters from day time NEE , 1, 3, 5, 7, 9, 11, 13, 15, 17, 19, 21, 23, 25, 27, 29, 31, 33, 35, 37, 39, 41, 43, 45, 47, 49, 51, 53, 55, 57, 59, 61, 63, 65, 67, 69, 71, 73, 75, 77, 79, 81, 83, 85, 87, 89, 91, 93, 95, 97, 99, 101, 103, 105, 107, 109, 111, 113, 115, 117, 119, 121, 123, 125, 127, 129, 131, 133, 135, 137, 139, 141, 143, 145, 147, 149, 151, 153, 155, 157, 159, 161, 163, 165, 167, 169, 171, 173, 175, 177, 179, 181, 183, 185, 187, 189, 191, 193, 195, 197, 199, 201, 203, 205, 207, 209, 211, 213, 215, 217, 219, 221, 223, 225, 227, 229, 231, 233, 235, 237, 239, 241, 243, 245, 247, 249, 251, 253, 255, 257, 259, 261, 263, 265, 267, 269, 271, 273, 275, 277, 279, 281, 283, 285, 287, 289, 291, 293, 295, 297, 299, 301, 303, 305, 307, 309, 311, 313, 315, 317, 319, 321, 323, 325, 327, 329, 331, 333, 335, 337, 339, 341, 343, 345, 347, 349, 351, 353, 355, 357, 359, 361, 363, 365, 367, 369, 371, 373, 375, 377, 379, 381, 383, 385, 387, 389, 391, 393, 395, 397, 399, 401, 403, 405, 407, 409, 411, 413, 415, 417, 419, 421, 423, 425, 427, 429, 431, 433, 435, 437, 439, 441, 443, 445, 447, 449, 451, 453, 455, 457, 459, 461, 463, 465, 467, 469, 471, 473, 475, 477, 479, 481, 483, 485, 487, 489, 491, 493, 495, 497, 499, 501, 503, 505, 507, 509, 511, 513, 515, 517, 519, 521, 523, 525, 527, 529, 531, 533, 535, 537, 539, 541, 543, 545, 547, 549, 551, 553, 555, 557, 559, 561, 563, 565, 567, 569, 571, 573, 575, 577, 579, 581, 583, 585, 587, 589, 591, 593, 595, 597, 599, 601, 603, 605, 607, 609, 611, 613, 615, 617, 619, 621, 623, 625, 627, 629, 631, 633, 635, 637, 639, 641, 643, 645, 647, 649, 651, 653, 655, 657, 659, 661, 663, 665, 667, 669, 671, 673, 675, 677, 679, 681, 683, 685, 687, 689, 691, 693, 695, 697, 699, 701, 703, 705, 707, 709, 711, 713, 715, 717, 719, 721, 723, 725, 727
  could not predict GPP in 13039 cases due to missing VPD.
    Therefore refitting LightResponseCurve with option isNeglectVPDEffect = TRUE
  Estimating light response curve parameters from day time NEE , 1, 3, 5, 7, 9, 11, 13, 15, 17, 19, 21, 23, 25, 27, 29, 31, 33, 35, 37, 39, 41, 43, 45, 47, 49, 51, 53, 55, 57, 59, 61, 63, 65, 67, 69, 71, 73, 75, 77, 79, 81, 83, 85, 87, 89, 91, 93, 95, 97, 99, 101, 103, 105, 107, 109, 111, 113, 115, 117, 119, 121, 123, 125, 127, 129, 131, 133, 135, 137, 139, 141, 143, 145, 147, 149, 151, 153, 155, 157, 159, 161, 163, 165, 167, 169, 171, 173, 175, 177, 179, 181, 183, 185, 187, 189, 191, 193, 195, 197, 199, 201, 203, 205, 207, 209, 211, 213, 215, 217, 219, 221, 223, 225, 227, 229, 231, 233, 235, 237, 239, 241, 243, 245, 247, 249, 251, 253, 255, 257, 259, 261, 263, 265, 267, 269, 271, 273, 275, 277, 279, 281, 283, 285, 287, 289, 291, 293, 295, 297, 299, 301, 303, 305, 307, 309, 311, 313, 315, 317, 319, 321, 323, 325, 327, 329, 331, 333, 335, 337, 339, 341, 343, 345, 347, 349, 351, 353, 355, 357, 359, 361, 363, 365, 367, 369, 371, 373, 375, 377, 379, 381, 383, 385, 387, 389, 391, 393, 395, 397, 399, 401, 403, 405, 407, 409, 411, 413, 415, 417, 419, 421, 423, 425, 427, 429, 431, 433, 435, 437, 439, 441, 443, 445, 447, 449, 451, 453, 455, 457, 459, 461, 463, 465, 467, 469, 471, 473, 475, 477, 479, 481, 483, 485, 487, 489, 491, 493, 495, 497, 499, 501, 503, 505, 507, 509, 511, 513, 515, 517, 519, 521, 523, 525, 527, 529, 531, 533, 535, 537, 539, 541, 543, 545, 547, 549, 551, 553, 555, 557, 559, 561, 563, 565, 567, 569, 571, 573, 575, 577, 579, 581, 583, 585, 587, 589, 591, 593, 595, 597, 599, 601, 603, 605, 607, 609, 611, 613, 615, 617, 619, 621, 623, 625, 627, 629, 631, 633, 635, 637, 639, 641, 643, 645, 647, 649, 651, 653, 655, 657, 659, 661, 663, 665, 667, 669, 671, 673, 675, 677, 679, 681, 683, 685, 687, 689, 691, 693, 695, 697, 699, 701, 703, 705, 707, 709, 711, 713, 715, 717, 719, 721, 723, 725, 727
Start daytime flux partitioning for variable NEE_U95_f with temperature Tair_f.
  Estimating temperature sensitivity from night time NEE , 1, 3, 5, 7, 9, 11, 13, 15, 17, 19, 21, 23, 25, 27, 29, 31, 33, 35, 37, 39, 41, 43, 45, 47, 49, 51, 53, 55, 57, 59, 61, 63, 65, 67, 69, 71, 73, 75, 77, 79, 81, 83, 85, 87, 89, 91, 93, 95, 97, 99, 101, 103, 105, 107, 109, 111, 113, 115, 117, 119, 121, 123, 125, 127, 129, 131, 133, 135, 137, 139, 141, 143, 145, 147, 149, 151, 153, 155, 157, 159, 161, 163, 165, 167, 169, 171, 173, 175, 177, 179, 181, 183, 185, 187, 189, 191, 193, 195, 197, 199, 201, 203, 205, 207, 209, 211, 213, 215, 217, 219, 221, 223, 225, 227, 229, 231, 233, 235, 237, 239, 241, 243, 245, 247, 249, 251, 253, 255, 257, 259, 261, 263, 265, 267, 269, 271, 273, 275, 277, 279, 281, 283, 285, 287, 289, 291, 293, 295, 297, 299, 301, 303, 305, 307, 309, 311, 313, 315, 317, 319, 321, 323, 325, 327, 329, 331, 333, 335, 337, 339, 341, 343, 345, 347, 349, 351, 353, 355, 357, 359, 361, 363, 365, 367, 369, 371, 373, 375, 377, 379, 381, 383, 385, 387, 389, 391, 393, 395, 397, 399, 401, 403, 405, 407, 409, 411, 413, 415, 417, 419, 421, 423, 425, 427, 429, 431, 433, 435, 437, 439, 441, 443, 445, 447, 449, 451, 453, 455, 457, 459, 461, 463, 465, 467, 469, 471, 473, 475, 477, 479, 481, 483, 485, 487, 489, 491, 493, 495, 497, 499, 501, 503, 505, 507, 509, 511, 513, 515, 517, 519, 521, 523, 525, 527, 529, 531, 533, 535, 537, 539, 541, 543, 545, 547, 549, 551, 553, 555, 557, 559, 561, 563, 565, 567, 569, 571, 573, 575, 577, 579, 581, 583, 585, 587, 589, 591, 593, 595, 597, 599, 601, 603, 605, 607, 609, 611, 613, 615, 617, 619, 621, 623, 625, 627, 629, 631, 633, 635, 637, 639, 641, 643, 645, 647, 649, 651, 653, 655, 657, 659, 661, 663, 665, 667, 669, 671, 673, 675, 677, 679, 681, 683, 685, 687, 689, 691, 693, 695, 697, 699, 701, 703, 705, 707, 709, 711, 713, 715, 717, 719, 721, 723, 725, 727
    increase window size to 24, 1, 3, 5, 7, 9, 11, 13, 15, 17, 19, 21, 23, 25, 27, 29, 31, 33, 35, 37, 39, 41, 43, 45, 47, 49, 51, 53, 55, 57, 59, 61, 63, 65, 67, 69, 71, 73, 75, 77, 79, 81, 83, 85, 87, 89, 91, 93, 95, 97, 99, 101, 103, 105, 107, 109, 111, 113, 115, 117, 119, 121, 123, 125, 127, 129, 131, 133, 135, 137, 139, 141, 143, 145, 147, 149, 151, 153, 155, 157, 159, 161, 163, 165, 167, 169, 171, 173, 175, 177, 179, 181, 183, 185, 187, 189, 191, 193, 195, 197, 199, 201, 203, 205, 207, 209, 211, 213, 215, 217, 219, 221, 223, 225, 227, 229, 231, 233, 235, 237, 239, 241, 243, 245, 247, 249, 251, 253, 255, 257, 259, 261, 263, 265, 267, 269, 271, 273, 275, 277, 279, 281, 283, 285, 287, 289, 291, 293, 295, 297, 299, 301, 303, 305, 307, 309, 311, 313, 315, 317, 319, 321, 323, 325, 327, 329, 331, 333, 335, 337, 339, 341, 343, 345, 347, 349, 351, 353, 355, 357, 359, 361, 363, 365, 367, 369, 371, 373, 375, 377, 379, 381, 383, 385, 387, 389, 391, 393, 395, 397, 399, 401, 403, 405, 407, 409, 411, 413, 415, 417, 419, 421, 423, 425, 427, 429, 431, 433, 435, 437, 439, 441, 443, 445, 447, 449, 451, 453, 455, 457, 459, 461, 463, 465, 467, 469, 471, 473, 475, 477, 479, 481, 483, 485, 487, 489, 491, 493, 495, 497, 499, 501, 503, 505, 507, 509, 511, 513, 515, 517, 519, 521, 523, 525, 527, 529, 531, 533, 535, 537, 539, 541, 543, 545, 547, 549, 551, 553, 555, 557, 559, 561, 563, 565, 567, 569, 571, 573, 575, 577, 579, 581, 583, 585, 587, 589, 591, 593, 595, 597, 599, 601, 603, 605, 607, 609, 611, 613, 615, 617, 619, 621, 623, 625, 627, 629, 631, 633, 635, 637, 639, 641, 643, 645, 647, 649, 651, 653, 655, 657, 659, 661, 663, 665, 667, 669, 671, 673, 675, 677, 679, 681, 683, 685, 687, 689, 691, 693, 695, 697, 699, 701, 703, 705, 707, 709, 711, 713, 715, 717, 719, 721, 723, 725, 727
    increase window size to 48, 1, 3, 5, 7, 9, 11, 13, 15, 17, 19, 21, 23, 25, 27, 29, 31, 33, 35, 37, 39, 41, 43, 45, 47, 49, 51, 53, 55, 57, 59, 61, 63, 65, 67, 69, 71, 73, 75, 77, 79, 81, 83, 85, 87, 89, 91, 93, 95, 97, 99, 101, 103, 105, 107, 109, 111, 113, 115, 117, 119, 121, 123, 125, 127, 129, 131, 133, 135, 137, 139, 141, 143, 145, 147, 149, 151, 153, 155, 157, 159, 161, 163, 165, 167, 169, 171, 173, 175, 177, 179, 181, 183, 185, 187, 189, 191, 193, 195, 197, 199, 201, 203, 205, 207, 209, 211, 213, 215, 217, 219, 221, 223, 225, 227, 229, 231, 233, 235, 237, 239, 241, 243, 245, 247, 249, 251, 253, 255, 257, 259, 261, 263, 265, 267, 269, 271, 273, 275, 277, 279, 281, 283, 285, 287, 289, 291, 293, 295, 297, 299, 301, 303, 305, 307, 309, 311, 313, 315, 317, 319, 321, 323, 325, 327, 329, 331, 333, 335, 337, 339, 341, 343, 345, 347, 349, 351, 353, 355, 357, 359, 361, 363, 365, 367, 369, 371, 373, 375, 377, 379, 381, 383, 385, 387, 389, 391, 393, 395, 397, 399, 401, 403, 405, 407, 409, 411, 413, 415, 417, 419, 421, 423, 425, 427, 429, 431, 433, 435, 437, 439, 441, 443, 445, 447, 449, 451, 453, 455, 457, 459, 461, 463, 465, 467, 469, 471, 473, 475, 477, 479, 481, 483, 485, 487, 489, 491, 493, 495, 497, 499, 501, 503, 505, 507, 509, 511, 513, 515, 517, 519, 521, 523, 525, 527, 529, 531, 533, 535, 537, 539, 541, 543, 545, 547, 549, 551, 553, 555, 557, 559, 561, 563, 565, 567, 569, 571, 573, 575, 577, 579, 581, 583, 585, 587, 589, 591, 593, 595, 597, 599, 601, 603, 605, 607, 609, 611, 613, 615, 617, 619, 621, 623, 625, 627, 629, 631, 633, 635, 637, 639, 641, 643, 645, 647, 649, 651, 653, 655, 657, 659, 661, 663, 665, 667, 669, 671, 673, 675, 677, 679, 681, 683, 685, 687, 689, 691, 693, 695, 697, 699, 701, 703, 705, 707, 709, 711, 713, 715, 717, 719, 721, 723, 725, 727
  Smoothing temperature sensitivity estimates
  Estimating respiration at reference temperature for smoothed temperature sensitivity from night time NEE , 1, 3, 5, 7, 9, 11, 13, 15, 17, 19, 21, 23, 25, 27, 29, 31, 33, 35, 37, 39, 41, 43, 45, 47, 49, 51, 53, 55, 57, 59, 61, 63, 65, 67, 69, 71, 73, 75, 77, 79, 81, 83, 85, 87, 89, 91, 93, 95, 97, 99, 101, 103, 105, 107, 109, 111, 113, 115, 117, 119, 121, 123, 125, 127, 129, 131, 133, 135, 137, 139, 141, 143, 145, 147, 149, 151, 153, 155, 157, 159, 161, 163, 165, 167, 169, 171, 173, 175, 177, 179, 181, 183, 185, 187, 189, 191, 193, 195, 197, 199, 201, 203, 205, 207, 209, 211, 213, 215, 217, 219, 221, 223, 225, 227, 229, 231, 233, 235, 237, 239, 241, 243, 245, 247, 249, 251, 253, 255, 257, 259, 261, 263, 265, 267, 269, 271, 273, 275, 277, 279, 281, 283, 285, 287, 289, 291, 293, 295, 297, 299, 301, 303, 305, 307, 309, 311, 313, 315, 317, 319, 321, 323, 325, 327, 329, 331, 333, 335, 337, 339, 341, 343, 345, 347, 349, 351, 353, 355, 357, 359, 361, 363, 365, 367, 369, 371, 373, 375, 377, 379, 381, 383, 385, 387, 389, 391, 393, 395, 397, 399, 401, 403, 405, 407, 409, 411, 413, 415, 417, 419, 421, 423, 425, 427, 429, 431, 433, 435, 437, 439, 441, 443, 445, 447, 449, 451, 453, 455, 457, 459, 461, 463, 465, 467, 469, 471, 473, 475, 477, 479, 481, 483, 485, 487, 489, 491, 493, 495, 497, 499, 501, 503, 505, 507, 509, 511, 513, 515, 517, 519, 521, 523, 525, 527, 529, 531, 533, 535, 537, 539, 541, 543, 545, 547, 549, 551, 553, 555, 557, 559, 561, 563, 565, 567, 569, 571, 573, 575, 577, 579, 581, 583, 585, 587, 589, 591, 593, 595, 597, 599, 601, 603, 605, 607, 609, 611, 613, 615, 617, 619, 621, 623, 625, 627, 629, 631, 633, 635, 637, 639, 641, 643, 645, 647, 649, 651, 653, 655, 657, 659, 661, 663, 665, 667, 669, 671, 673, 675, 677, 679, 681, 683, 685, 687, 689, 691, 693, 695, 697, 699, 701, 703, 705, 707, 709, 711, 713, 715, 717, 719, 721, 723, 725, 727
  Estimating light response curve parameters from day time NEE , 1, 3, 5, 7, 9, 11, 13, 15, 17, 19, 21, 23, 25, 27, 29, 31, 33, 35, 37, 39, 41, 43, 45, 47, 49, 51, 53, 55, 57, 59, 61, 63, 65, 67, 69, 71, 73, 75, 77, 79, 81, 83, 85, 87, 89, 91, 93, 95, 97, 99, 101, 103, 105, 107, 109, 111, 113, 115, 117, 119, 121, 123, 125, 127, 129, 131, 133, 135, 137, 139, 141, 143, 145, 147, 149, 151, 153, 155, 157, 159, 161, 163, 165, 167, 169, 171, 173, 175, 177, 179, 181, 183, 185, 187, 189, 191, 193, 195, 197, 199, 201, 203, 205, 207, 209, 211, 213, 215, 217, 219, 221, 223, 225, 227, 229, 231, 233, 235, 237, 239, 241, 243, 245, 247, 249, 251, 253, 255, 257, 259, 261, 263, 265, 267, 269, 271, 273, 275, 277, 279, 281, 283, 285, 287, 289, 291, 293, 295, 297, 299, 301, 303, 305, 307, 309, 311, 313, 315, 317, 319, 321, 323, 325, 327, 329, 331, 333, 335, 337, 339, 341, 343, 345, 347, 349, 351, 353, 355, 357, 359, 361, 363, 365, 367, 369, 371, 373, 375, 377, 379, 381, 383, 385, 387, 389, 391, 393, 395, 397, 399, 401, 403, 405, 407, 409, 411, 413, 415, 417, 419, 421, 423, 425, 427, 429, 431, 433, 435, 437, 439, 441, 443, 445, 447, 449, 451, 453, 455, 457, 459, 461, 463, 465, 467, 469, 471, 473, 475, 477, 479, 481, 483, 485, 487, 489, 491, 493, 495, 497, 499, 501, 503, 505, 507, 509, 511, 513, 515, 517, 519, 521, 523, 525, 527, 529, 531, 533, 535, 537, 539, 541, 543, 545, 547, 549, 551, 553, 555, 557, 559, 561, 563, 565, 567, 569, 571, 573, 575, 577, 579, 581, 583, 585, 587, 589, 591, 593, 595, 597, 599, 601, 603, 605, 607, 609, 611, 613, 615, 617, 619, 621, 623, 625, 627, 629, 631, 633, 635, 637, 639, 641, 643, 645, 647, 649, 651, 653, 655, 657, 659, 661, 663, 665, 667, 669, 671, 673, 675, 677, 679, 681, 683, 685, 687, 689, 691, 693, 695, 697, 699, 701, 703, 705, 707, 709, 711, 713, 715, 717, 719, 721, 723, 725, 727
  could not predict GPP in 13039 cases due to missing VPD.
    Therefore refitting LightResponseCurve with option isNeglectVPDEffect = TRUE
  Estimating light response curve parameters from day time NEE , 1, 3, 5, 7, 9, 11, 13, 15, 17, 19, 21, 23, 25, 27, 29, 31, 33, 35, 37, 39, 41, 43, 45, 47, 49, 51, 53, 55, 57, 59, 61, 63, 65, 67, 69, 71, 73, 75, 77, 79, 81, 83, 85, 87, 89, 91, 93, 95, 97, 99, 101, 103, 105, 107, 109, 111, 113, 115, 117, 119, 121, 123, 125, 127, 129, 131, 133, 135, 137, 139, 141, 143, 145, 147, 149, 151, 153, 155, 157, 159, 161, 163, 165, 167, 169, 171, 173, 175, 177, 179, 181, 183, 185, 187, 189, 191, 193, 195, 197, 199, 201, 203, 205, 207, 209, 211, 213, 215, 217, 219, 221, 223, 225, 227, 229, 231, 233, 235, 237, 239, 241, 243, 245, 247, 249, 251, 253, 255, 257, 259, 261, 263, 265, 267, 269, 271, 273, 275, 277, 279, 281, 283, 285, 287, 289, 291, 293, 295, 297, 299, 301, 303, 305, 307, 309, 311, 313, 315, 317, 319, 321, 323, 325, 327, 329, 331, 333, 335, 337, 339, 341, 343, 345, 347, 349, 351, 353, 355, 357, 359, 361, 363, 365, 367, 369, 371, 373, 375, 377, 379, 381, 383, 385, 387, 389, 391, 393, 395, 397, 399, 401, 403, 405, 407, 409, 411, 413, 415, 417, 419, 421, 423, 425, 427, 429, 431, 433, 435, 437, 439, 441, 443, 445, 447, 449, 451, 453, 455, 457, 459, 461, 463, 465, 467, 469, 471, 473, 475, 477, 479, 481, 483, 485, 487, 489, 491, 493, 495, 497, 499, 501, 503, 505, 507, 509, 511, 513, 515, 517, 519, 521, 523, 525, 527, 529, 531, 533, 535, 537, 539, 541, 543, 545, 547, 549, 551, 553, 555, 557, 559, 561, 563, 565, 567, 569, 571, 573, 575, 577, 579, 581, 583, 585, 587, 589, 591, 593, 595, 597, 599, 601, 603, 605, 607, 609, 611, 613, 615, 617, 619, 621, 623, 625, 627, 629, 631, 633, 635, 637, 639, 641, 643, 645, 647, 649, 651, 653, 655, 657, 659, 661, 663, 665, 667, 669, 671, 673, 675, 677, 679, 681, 683, 685, 687, 689, 691, 693, 695, 697, 699, 701, 703, 705, 707, 709, 711, 713, 715, 717, 719, 721, 723, 725, 727
Start daytime flux partitioning for variable NEE_uStar_f with temperature Tair_f.
  Estimating temperature sensitivity from night time NEE , 1, 3, 5, 7, 9, 11, 13, 15, 17, 19, 21, 23, 25, 27, 29, 31, 33, 35, 37, 39, 41, 43, 45, 47, 49, 51, 53, 55, 57, 59, 61, 63, 65, 67, 69, 71, 73, 75, 77, 79, 81, 83, 85, 87, 89, 91, 93, 95, 97, 99, 101, 103, 105, 107, 109, 111, 113, 115, 117, 119, 121, 123, 125, 127, 129, 131, 133, 135, 137, 139, 141, 143, 145, 147, 149, 151, 153, 155, 157, 159, 161, 163, 165, 167, 169, 171, 173, 175, 177, 179, 181, 183, 185, 187, 189, 191, 193, 195, 197, 199, 201, 203, 205, 207, 209, 211, 213, 215, 217, 219, 221, 223, 225, 227, 229, 231, 233, 235, 237, 239, 241, 243, 245, 247, 249, 251, 253, 255, 257, 259, 261, 263, 265, 267, 269, 271, 273, 275, 277, 279, 281, 283, 285, 287, 289, 291, 293, 295, 297, 299, 301, 303, 305, 307, 309, 311, 313, 315, 317, 319, 321, 323, 325, 327, 329, 331, 333, 335, 337, 339, 341, 343, 345, 347, 349, 351, 353, 355, 357, 359, 361, 363, 365, 367, 369, 371, 373, 375, 377, 379, 381, 383, 385, 387, 389, 391, 393, 395, 397, 399, 401, 403, 405, 407, 409, 411, 413, 415, 417, 419, 421, 423, 425, 427, 429, 431, 433, 435, 437, 439, 441, 443, 445, 447, 449, 451, 453, 455, 457, 459, 461, 463, 465, 467, 469, 471, 473, 475, 477, 479, 481, 483, 485, 487, 489, 491, 493, 495, 497, 499, 501, 503, 505, 507, 509, 511, 513, 515, 517, 519, 521, 523, 525, 527, 529, 531, 533, 535, 537, 539, 541, 543, 545, 547, 549, 551, 553, 555, 557, 559, 561, 563, 565, 567, 569, 571, 573, 575, 577, 579, 581, 583, 585, 587, 589, 591, 593, 595, 597, 599, 601, 603, 605, 607, 609, 611, 613, 615, 617, 619, 621, 623, 625, 627, 629, 631, 633, 635, 637, 639, 641, 643, 645, 647, 649, 651, 653, 655, 657, 659, 661, 663, 665, 667, 669, 671, 673, 675, 677, 679, 681, 683, 685, 687, 689, 691, 693, 695, 697, 699, 701, 703, 705, 707, 709, 711, 713, 715, 717, 719, 721, 723, 725, 727
    increase window size to 24, 1, 3, 5, 7, 9, 11, 13, 15, 17, 19, 21, 23, 25, 27, 29, 31, 33, 35, 37, 39, 41, 43, 45, 47, 49, 51, 53, 55, 57, 59, 61, 63, 65, 67, 69, 71, 73, 75, 77, 79, 81, 83, 85, 87, 89, 91, 93, 95, 97, 99, 101, 103, 105, 107, 109, 111, 113, 115, 117, 119, 121, 123, 125, 127, 129, 131, 133, 135, 137, 139, 141, 143, 145, 147, 149, 151, 153, 155, 157, 159, 161, 163, 165, 167, 169, 171, 173, 175, 177, 179, 181, 183, 185, 187, 189, 191, 193, 195, 197, 199, 201, 203, 205, 207, 209, 211, 213, 215, 217, 219, 221, 223, 225, 227, 229, 231, 233, 235, 237, 239, 241, 243, 245, 247, 249, 251, 253, 255, 257, 259, 261, 263, 265, 267, 269, 271, 273, 275, 277, 279, 281, 283, 285, 287, 289, 291, 293, 295, 297, 299, 301, 303, 305, 307, 309, 311, 313, 315, 317, 319, 321, 323, 325, 327, 329, 331, 333, 335, 337, 339, 341, 343, 345, 347, 349, 351, 353, 355, 357, 359, 361, 363, 365, 367, 369, 371, 373, 375, 377, 379, 381, 383, 385, 387, 389, 391, 393, 395, 397, 399, 401, 403, 405, 407, 409, 411, 413, 415, 417, 419, 421, 423, 425, 427, 429, 431, 433, 435, 437, 439, 441, 443, 445, 447, 449, 451, 453, 455, 457, 459, 461, 463, 465, 467, 469, 471, 473, 475, 477, 479, 481, 483, 485, 487, 489, 491, 493, 495, 497, 499, 501, 503, 505, 507, 509, 511, 513, 515, 517, 519, 521, 523, 525, 527, 529, 531, 533, 535, 537, 539, 541, 543, 545, 547, 549, 551, 553, 555, 557, 559, 561, 563, 565, 567, 569, 571, 573, 575, 577, 579, 581, 583, 585, 587, 589, 591, 593, 595, 597, 599, 601, 603, 605, 607, 609, 611, 613, 615, 617, 619, 621, 623, 625, 627, 629, 631, 633, 635, 637, 639, 641, 643, 645, 647, 649, 651, 653, 655, 657, 659, 661, 663, 665, 667, 669, 671, 673, 675, 677, 679, 681, 683, 685, 687, 689, 691, 693, 695, 697, 699, 701, 703, 705, 707, 709, 711, 713, 715, 717, 719, 721, 723, 725, 727
    increase window size to 48, 1, 3, 5, 7, 9, 11, 13, 15, 17, 19, 21, 23, 25, 27, 29, 31, 33, 35, 37, 39, 41, 43, 45, 47, 49, 51, 53, 55, 57, 59, 61, 63, 65, 67, 69, 71, 73, 75, 77, 79, 81, 83, 85, 87, 89, 91, 93, 95, 97, 99, 101, 103, 105, 107, 109, 111, 113, 115, 117, 119, 121, 123, 125, 127, 129, 131, 133, 135, 137, 139, 141, 143, 145, 147, 149, 151, 153, 155, 157, 159, 161, 163, 165, 167, 169, 171, 173, 175, 177, 179, 181, 183, 185, 187, 189, 191, 193, 195, 197, 199, 201, 203, 205, 207, 209, 211, 213, 215, 217, 219, 221, 223, 225, 227, 229, 231, 233, 235, 237, 239, 241, 243, 245, 247, 249, 251, 253, 255, 257, 259, 261, 263, 265, 267, 269, 271, 273, 275, 277, 279, 281, 283, 285, 287, 289, 291, 293, 295, 297, 299, 301, 303, 305, 307, 309, 311, 313, 315, 317, 319, 321, 323, 325, 327, 329, 331, 333, 335, 337, 339, 341, 343, 345, 347, 349, 351, 353, 355, 357, 359, 361, 363, 365, 367, 369, 371, 373, 375, 377, 379, 381, 383, 385, 387, 389, 391, 393, 395, 397, 399, 401, 403, 405, 407, 409, 411, 413, 415, 417, 419, 421, 423, 425, 427, 429, 431, 433, 435, 437, 439, 441, 443, 445, 447, 449, 451, 453, 455, 457, 459, 461, 463, 465, 467, 469, 471, 473, 475, 477, 479, 481, 483, 485, 487, 489, 491, 493, 495, 497, 499, 501, 503, 505, 507, 509, 511, 513, 515, 517, 519, 521, 523, 525, 527, 529, 531, 533, 535, 537, 539, 541, 543, 545, 547, 549, 551, 553, 555, 557, 559, 561, 563, 565, 567, 569, 571, 573, 575, 577, 579, 581, 583, 585, 587, 589, 591, 593, 595, 597, 599, 601, 603, 605, 607, 609, 611, 613, 615, 617, 619, 621, 623, 625, 627, 629, 631, 633, 635, 637, 639, 641, 643, 645, 647, 649, 651, 653, 655, 657, 659, 661, 663, 665, 667, 669, 671, 673, 675, 677, 679, 681, 683, 685, 687, 689, 691, 693, 695, 697, 699, 701, 703, 705, 707, 709, 711, 713, 715, 717, 719, 721, 723, 725, 727
  Smoothing temperature sensitivity estimates
  Estimating respiration at reference temperature for smoothed temperature sensitivity from night time NEE , 1, 3, 5, 7, 9, 11, 13, 15, 17, 19, 21, 23, 25, 27, 29, 31, 33, 35, 37, 39, 41, 43, 45, 47, 49, 51, 53, 55, 57, 59, 61, 63, 65, 67, 69, 71, 73, 75, 77, 79, 81, 83, 85, 87, 89, 91, 93, 95, 97, 99, 101, 103, 105, 107, 109, 111, 113, 115, 117, 119, 121, 123, 125, 127, 129, 131, 133, 135, 137, 139, 141, 143, 145, 147, 149, 151, 153, 155, 157, 159, 161, 163, 165, 167, 169, 171, 173, 175, 177, 179, 181, 183, 185, 187, 189, 191, 193, 195, 197, 199, 201, 203, 205, 207, 209, 211, 213, 215, 217, 219, 221, 223, 225, 227, 229, 231, 233, 235, 237, 239, 241, 243, 245, 247, 249, 251, 253, 255, 257, 259, 261, 263, 265, 267, 269, 271, 273, 275, 277, 279, 281, 283, 285, 287, 289, 291, 293, 295, 297, 299, 301, 303, 305, 307, 309, 311, 313, 315, 317, 319, 321, 323, 325, 327, 329, 331, 333, 335, 337, 339, 341, 343, 345, 347, 349, 351, 353, 355, 357, 359, 361, 363, 365, 367, 369, 371, 373, 375, 377, 379, 381, 383, 385, 387, 389, 391, 393, 395, 397, 399, 401, 403, 405, 407, 409, 411, 413, 415, 417, 419, 421, 423, 425, 427, 429, 431, 433, 435, 437, 439, 441, 443, 445, 447, 449, 451, 453, 455, 457, 459, 461, 463, 465, 467, 469, 471, 473, 475, 477, 479, 481, 483, 485, 487, 489, 491, 493, 495, 497, 499, 501, 503, 505, 507, 509, 511, 513, 515, 517, 519, 521, 523, 525, 527, 529, 531, 533, 535, 537, 539, 541, 543, 545, 547, 549, 551, 553, 555, 557, 559, 561, 563, 565, 567, 569, 571, 573, 575, 577, 579, 581, 583, 585, 587, 589, 591, 593, 595, 597, 599, 601, 603, 605, 607, 609, 611, 613, 615, 617, 619, 621, 623, 625, 627, 629, 631, 633, 635, 637, 639, 641, 643, 645, 647, 649, 651, 653, 655, 657, 659, 661, 663, 665, 667, 669, 671, 673, 675, 677, 679, 681, 683, 685, 687, 689, 691, 693, 695, 697, 699, 701, 703, 705, 707, 709, 711, 713, 715, 717, 719, 721, 723, 725, 727
  Estimating light response curve parameters from day time NEE , 1, 3, 5, 7, 9, 11, 13, 15, 17, 19, 21, 23, 25, 27, 29, 31, 33, 35, 37, 39, 41, 43, 45, 47, 49, 51, 53, 55, 57, 59, 61, 63, 65, 67, 69, 71, 73, 75, 77, 79, 81, 83, 85, 87, 89, 91, 93, 95, 97, 99, 101, 103, 105, 107, 109, 111, 113, 115, 117, 119, 121, 123, 125, 127, 129, 131, 133, 135, 137, 139, 141, 143, 145, 147, 149, 151, 153, 155, 157, 159, 161, 163, 165, 167, 169, 171, 173, 175, 177, 179, 181, 183, 185, 187, 189, 191, 193, 195, 197, 199, 201, 203, 205, 207, 209, 211, 213, 215, 217, 219, 221, 223, 225, 227, 229, 231, 233, 235, 237, 239, 241, 243, 245, 247, 249, 251, 253, 255, 257, 259, 261, 263, 265, 267, 269, 271, 273, 275, 277, 279, 281, 283, 285, 287, 289, 291, 293, 295, 297, 299, 301, 303, 305, 307, 309, 311, 313, 315, 317, 319, 321, 323, 325, 327, 329, 331, 333, 335, 337, 339, 341, 343, 345, 347, 349, 351, 353, 355, 357, 359, 361, 363, 365, 367, 369, 371, 373, 375, 377, 379, 381, 383, 385, 387, 389, 391, 393, 395, 397, 399, 401, 403, 405, 407, 409, 411, 413, 415, 417, 419, 421, 423, 425, 427, 429, 431, 433, 435, 437, 439, 441, 443, 445, 447, 449, 451, 453, 455, 457, 459, 461, 463, 465, 467, 469, 471, 473, 475, 477, 479, 481, 483, 485, 487, 489, 491, 493, 495, 497, 499, 501, 503, 505, 507, 509, 511, 513, 515, 517, 519, 521, 523, 525, 527, 529, 531, 533, 535, 537, 539, 541, 543, 545, 547, 549, 551, 553, 555, 557, 559, 561, 563, 565, 567, 569, 571, 573, 575, 577, 579, 581, 583, 585, 587, 589, 591, 593, 595, 597, 599, 601, 603, 605, 607, 609, 611, 613, 615, 617, 619, 621, 623, 625, 627, 629, 631, 633, 635, 637, 639, 641, 643, 645, 647, 649, 651, 653, 655, 657, 659, 661, 663, 665, 667, 669, 671, 673, 675, 677, 679, 681, 683, 685, 687, 689, 691, 693, 695, 697, 699, 701, 703, 705, 707, 709, 711, 713, 715, 717, 719, 721, 723, 725, 727
  could not predict GPP in 13039 cases due to missing VPD.
    Therefore refitting LightResponseCurve with option isNeglectVPDEffect = TRUE
  Estimating light response curve parameters from day time NEE , 1, 3, 5, 7, 9, 11, 13, 15, 17, 19, 21, 23, 25, 27, 29, 31, 33, 35, 37, 39, 41, 43, 45, 47, 49, 51, 53, 55, 57, 59, 61, 63, 65, 67, 69, 71, 73, 75, 77, 79, 81, 83, 85, 87, 89, 91, 93, 95, 97, 99, 101, 103, 105, 107, 109, 111, 113, 115, 117, 119, 121, 123, 125, 127, 129, 131, 133, 135, 137, 139, 141, 143, 145, 147, 149, 151, 153, 155, 157, 159, 161, 163, 165, 167, 169, 171, 173, 175, 177, 179, 181, 183, 185, 187, 189, 191, 193, 195, 197, 199, 201, 203, 205, 207, 209, 211, 213, 215, 217, 219, 221, 223, 225, 227, 229, 231, 233, 235, 237, 239, 241, 243, 245, 247, 249, 251, 253, 255, 257, 259, 261, 263, 265, 267, 269, 271, 273, 275, 277, 279, 281, 283, 285, 287, 289, 291, 293, 295, 297, 299, 301, 303, 305, 307, 309, 311, 313, 315, 317, 319, 321, 323, 325, 327, 329, 331, 333, 335, 337, 339, 341, 343, 345, 347, 349, 351, 353, 355, 357, 359, 361, 363, 365, 367, 369, 371, 373, 375, 377, 379, 381, 383, 385, 387, 389, 391, 393, 395, 397, 399, 401, 403, 405, 407, 409, 411, 413, 415, 417, 419, 421, 423, 425, 427, 429, 431, 433, 435, 437, 439, 441, 443, 445, 447, 449, 451, 453, 455, 457, 459, 461, 463, 465, 467, 469, 471, 473, 475, 477, 479, 481, 483, 485, 487, 489, 491, 493, 495, 497, 499, 501, 503, 505, 507, 509, 511, 513, 515, 517, 519, 521, 523, 525, 527, 529, 531, 533, 535, 537, 539, 541, 543, 545, 547, 549, 551, 553, 555, 557, 559, 561, 563, 565, 567, 569, 571, 573, 575, 577, 579, 581, 583, 585, 587, 589, 591, 593, 595, 597, 599, 601, 603, 605, 607, 609, 611, 613, 615, 617, 619, 621, 623, 625, 627, 629, 631, 633, 635, 637, 639, 641, 643, 645, 647, 649, 651, 653, 655, 657, 659, 661, 663, 665, 667, 669, 671, 673, 675, 677, 679, 681, 683, 685, 687, 689, 691, 693, 695, 697, 699, 701, 703, 705, 707, 709, 711, 713, 715, 717, 719, 721, 723, 725, 727
Start daytime flux partitioning for variable NEE_uStar_f with temperature Tair_f.
  Estimating temperature sensitivity from night time NEE , 1, 3, 5, 7, 9, 11, 13, 15, 17, 19, 21, 23, 25, 27, 29, 31, 33, 35, 37, 39, 41, 43, 45, 47, 49, 51, 53, 55, 57, 59, 61, 63, 65, 67, 69, 71, 73, 75, 77, 79, 81, 83, 85, 87, 89, 91, 93, 95, 97, 99, 101, 103, 105, 107, 109, 111, 113, 115, 117, 119, 121, 123, 125, 127, 129, 131, 133, 135, 137, 139, 141, 143, 145, 147, 149, 151, 153, 155, 157, 159, 161, 163, 165, 167, 169, 171, 173, 175, 177, 179, 181, 183, 185, 187, 189, 191, 193, 195, 197, 199, 201, 203, 205, 207, 209, 211, 213, 215, 217, 219, 221, 223, 225, 227, 229, 231, 233, 235, 237, 239, 241, 243, 245, 247, 249, 251, 253, 255, 257, 259, 261, 263, 265, 267, 269, 271, 273, 275, 277, 279, 281, 283, 285, 287, 289, 291, 293, 295, 297, 299, 301, 303, 305, 307, 309, 311, 313, 315, 317, 319, 321, 323, 325, 327, 329, 331, 333, 335, 337, 339, 341, 343, 345, 347, 349, 351, 353, 355, 357, 359, 361, 363, 365, 367, 369, 371, 373, 375, 377, 379, 381, 383, 385, 387, 389, 391, 393, 395, 397, 399, 401, 403, 405, 407, 409, 411, 413, 415, 417, 419, 421, 423, 425, 427, 429, 431, 433, 435, 437, 439, 441, 443, 445, 447, 449, 451, 453, 455, 457, 459, 461, 463, 465, 467, 469, 471, 473, 475, 477, 479, 481, 483, 485, 487, 489, 491, 493, 495, 497, 499, 501, 503, 505, 507, 509, 511, 513, 515, 517, 519, 521, 523, 525, 527, 529, 531, 533, 535, 537, 539, 541, 543, 545, 547, 549, 551, 553, 555, 557, 559, 561, 563, 565, 567, 569, 571, 573, 575, 577, 579, 581, 583, 585, 587, 589, 591, 593, 595, 597, 599, 601, 603, 605, 607, 609, 611, 613, 615, 617, 619, 621, 623, 625, 627, 629, 631, 633, 635, 637, 639, 641, 643, 645, 647, 649, 651, 653, 655, 657, 659, 661, 663, 665, 667, 669, 671, 673, 675, 677, 679, 681, 683, 685, 687, 689, 691, 693, 695, 697, 699, 701, 703, 705, 707, 709, 711, 713, 715, 717, 719, 721, 723, 725, 727
    increase window size to 24, 1, 3, 5, 7, 9, 11, 13, 15, 17, 19, 21, 23, 25, 27, 29, 31, 33, 35, 37, 39, 41, 43, 45, 47, 49, 51, 53, 55, 57, 59, 61, 63, 65, 67, 69, 71, 73, 75, 77, 79, 81, 83, 85, 87, 89, 91, 93, 95, 97, 99, 101, 103, 105, 107, 109, 111, 113, 115, 117, 119, 121, 123, 125, 127, 129, 131, 133, 135, 137, 139, 141, 143, 145, 147, 149, 151, 153, 155, 157, 159, 161, 163, 165, 167, 169, 171, 173, 175, 177, 179, 181, 183, 185, 187, 189, 191, 193, 195, 197, 199, 201, 203, 205, 207, 209, 211, 213, 215, 217, 219, 221, 223, 225, 227, 229, 231, 233, 235, 237, 239, 241, 243, 245, 247, 249, 251, 253, 255, 257, 259, 261, 263, 265, 267, 269, 271, 273, 275, 277, 279, 281, 283, 285, 287, 289, 291, 293, 295, 297, 299, 301, 303, 305, 307, 309, 311, 313, 315, 317, 319, 321, 323, 325, 327, 329, 331, 333, 335, 337, 339, 341, 343, 345, 347, 349, 351, 353, 355, 357, 359, 361, 363, 365, 367, 369, 371, 373, 375, 377, 379, 381, 383, 385, 387, 389, 391, 393, 395, 397, 399, 401, 403, 405, 407, 409, 411, 413, 415, 417, 419, 421, 423, 425, 427, 429, 431, 433, 435, 437, 439, 441, 443, 445, 447, 449, 451, 453, 455, 457, 459, 461, 463, 465, 467, 469, 471, 473, 475, 477, 479, 481, 483, 485, 487, 489, 491, 493, 495, 497, 499, 501, 503, 505, 507, 509, 511, 513, 515, 517, 519, 521, 523, 525, 527, 529, 531, 533, 535, 537, 539, 541, 543, 545, 547, 549, 551, 553, 555, 557, 559, 561, 563, 565, 567, 569, 571, 573, 575, 577, 579, 581, 583, 585, 587, 589, 591, 593, 595, 597, 599, 601, 603, 605, 607, 609, 611, 613, 615, 617, 619, 621, 623, 625, 627, 629, 631, 633, 635, 637, 639, 641, 643, 645, 647, 649, 651, 653, 655, 657, 659, 661, 663, 665, 667, 669, 671, 673, 675, 677, 679, 681, 683, 685, 687, 689, 691, 693, 695, 697, 699, 701, 703, 705, 707, 709, 711, 713, 715, 717, 719, 721, 723, 725, 727
    increase window size to 48, 1, 3, 5, 7, 9, 11, 13, 15, 17, 19, 21, 23, 25, 27, 29, 31, 33, 35, 37, 39, 41, 43, 45, 47, 49, 51, 53, 55, 57, 59, 61, 63, 65, 67, 69, 71, 73, 75, 77, 79, 81, 83, 85, 87, 89, 91, 93, 95, 97, 99, 101, 103, 105, 107, 109, 111, 113, 115, 117, 119, 121, 123, 125, 127, 129, 131, 133, 135, 137, 139, 141, 143, 145, 147, 149, 151, 153, 155, 157, 159, 161, 163, 165, 167, 169, 171, 173, 175, 177, 179, 181, 183, 185, 187, 189, 191, 193, 195, 197, 199, 201, 203, 205, 207, 209, 211, 213, 215, 217, 219, 221, 223, 225, 227, 229, 231, 233, 235, 237, 239, 241, 243, 245, 247, 249, 251, 253, 255, 257, 259, 261, 263, 265, 267, 269, 271, 273, 275, 277, 279, 281, 283, 285, 287, 289, 291, 293, 295, 297, 299, 301, 303, 305, 307, 309, 311, 313, 315, 317, 319, 321, 323, 325, 327, 329, 331, 333, 335, 337, 339, 341, 343, 345, 347, 349, 351, 353, 355, 357, 359, 361, 363, 365, 367, 369, 371, 373, 375, 377, 379, 381, 383, 385, 387, 389, 391, 393, 395, 397, 399, 401, 403, 405, 407, 409, 411, 413, 415, 417, 419, 421, 423, 425, 427, 429, 431, 433, 435, 437, 439, 441, 443, 445, 447, 449, 451, 453, 455, 457, 459, 461, 463, 465, 467, 469, 471, 473, 475, 477, 479, 481, 483, 485, 487, 489, 491, 493, 495, 497, 499, 501, 503, 505, 507, 509, 511, 513, 515, 517, 519, 521, 523, 525, 527, 529, 531, 533, 535, 537, 539, 541, 543, 545, 547, 549, 551, 553, 555, 557, 559, 561, 563, 565, 567, 569, 571, 573, 575, 577, 579, 581, 583, 585, 587, 589, 591, 593, 595, 597, 599, 601, 603, 605, 607, 609, 611, 613, 615, 617, 619, 621, 623, 625, 627, 629, 631, 633, 635, 637, 639, 641, 643, 645, 647, 649, 651, 653, 655, 657, 659, 661, 663, 665, 667, 669, 671, 673, 675, 677, 679, 681, 683, 685, 687, 689, 691, 693, 695, 697, 699, 701, 703, 705, 707, 709, 711, 713, 715, 717, 719, 721, 723, 725, 727
  Smoothing temperature sensitivity estimates
  Estimating respiration at reference temperature for smoothed temperature sensitivity from night time NEE , 1, 3, 5, 7, 9, 11, 13, 15, 17, 19, 21, 23, 25, 27, 29, 31, 33, 35, 37, 39, 41, 43, 45, 47, 49, 51, 53, 55, 57, 59, 61, 63, 65, 67, 69, 71, 73, 75, 77, 79, 81, 83, 85, 87, 89, 91, 93, 95, 97, 99, 101, 103, 105, 107, 109, 111, 113, 115, 117, 119, 121, 123, 125, 127, 129, 131, 133, 135, 137, 139, 141, 143, 145, 147, 149, 151, 153, 155, 157, 159, 161, 163, 165, 167, 169, 171, 173, 175, 177, 179, 181, 183, 185, 187, 189, 191, 193, 195, 197, 199, 201, 203, 205, 207, 209, 211, 213, 215, 217, 219, 221, 223, 225, 227, 229, 231, 233, 235, 237, 239, 241, 243, 245, 247, 249, 251, 253, 255, 257, 259, 261, 263, 265, 267, 269, 271, 273, 275, 277, 279, 281, 283, 285, 287, 289, 291, 293, 295, 297, 299, 301, 303, 305, 307, 309, 311, 313, 315, 317, 319, 321, 323, 325, 327, 329, 331, 333, 335, 337, 339, 341, 343, 345, 347, 349, 351, 353, 355, 357, 359, 361, 363, 365, 367, 369, 371, 373, 375, 377, 379, 381, 383, 385, 387, 389, 391, 393, 395, 397, 399, 401, 403, 405, 407, 409, 411, 413, 415, 417, 419, 421, 423, 425, 427, 429, 431, 433, 435, 437, 439, 441, 443, 445, 447, 449, 451, 453, 455, 457, 459, 461, 463, 465, 467, 469, 471, 473, 475, 477, 479, 481, 483, 485, 487, 489, 491, 493, 495, 497, 499, 501, 503, 505, 507, 509, 511, 513, 515, 517, 519, 521, 523, 525, 527, 529, 531, 533, 535, 537, 539, 541, 543, 545, 547, 549, 551, 553, 555, 557, 559, 561, 563, 565, 567, 569, 571, 573, 575, 577, 579, 581, 583, 585, 587, 589, 591, 593, 595, 597, 599, 601, 603, 605, 607, 609, 611, 613, 615, 617, 619, 621, 623, 625, 627, 629, 631, 633, 635, 637, 639, 641, 643, 645, 647, 649, 651, 653, 655, 657, 659, 661, 663, 665, 667, 669, 671, 673, 675, 677, 679, 681, 683, 685, 687, 689, 691, 693, 695, 697, 699, 701, 703, 705, 707, 709, 711, 713, 715, 717, 719, 721, 723, 725, 727
  Estimating light response curve parameters from day time NEE , 1, 3, 5, 7, 9, 11, 13, 15, 17, 19, 21, 23, 25, 27, 29, 31, 33, 35, 37, 39, 41, 43, 45, 47, 49, 51, 53, 55, 57, 59, 61, 63, 65, 67, 69, 71, 73, 75, 77, 79, 81, 83, 85, 87, 89, 91, 93, 95, 97, 99, 101, 103, 105, 107, 109, 111, 113, 115, 117, 119, 121, 123, 125, 127, 129, 131, 133, 135, 137, 139, 141, 143, 145, 147, 149, 151, 153, 155, 157, 159, 161, 163, 165, 167, 169, 171, 173, 175, 177, 179, 181, 183, 185, 187, 189, 191, 193, 195, 197, 199, 201, 203, 205, 207, 209, 211, 213, 215, 217, 219, 221, 223, 225, 227, 229, 231, 233, 235, 237, 239, 241, 243, 245, 247, 249, 251, 253, 255, 257, 259, 261, 263, 265, 267, 269, 271, 273, 275, 277, 279, 281, 283, 285, 287, 289, 291, 293, 295, 297, 299, 301, 303, 305, 307, 309, 311, 313, 315, 317, 319, 321, 323, 325, 327, 329, 331, 333, 335, 337, 339, 341, 343, 345, 347, 349, 351, 353, 355, 357, 359, 361, 363, 365, 367, 369, 371, 373, 375, 377, 379, 381, 383, 385, 387, 389, 391, 393, 395, 397, 399, 401, 403, 405, 407, 409, 411, 413, 415, 417, 419, 421, 423, 425, 427, 429, 431, 433, 435, 437, 439, 441, 443, 445, 447, 449, 451, 453, 455, 457, 459, 461, 463, 465, 467, 469, 471, 473, 475, 477, 479, 481, 483, 485, 487, 489, 491, 493, 495, 497, 499, 501, 503, 505, 507, 509, 511, 513, 515, 517, 519, 521, 523, 525, 527, 529, 531, 533, 535, 537, 539, 541, 543, 545, 547, 549, 551, 553, 555, 557, 559, 561, 563, 565, 567, 569, 571, 573, 575, 577, 579, 581, 583, 585, 587, 589, 591, 593, 595, 597, 599, 601, 603, 605, 607, 609, 611, 613, 615, 617, 619, 621, 623, 625, 627, 629, 631, 633, 635, 637, 639, 641, 643, 645, 647, 649, 651, 653, 655, 657, 659, 661, 663, 665, 667, 669, 671, 673, 675, 677, 679, 681, 683, 685, 687, 689, 691, 693, 695, 697, 699, 701, 703, 705, 707, 709, 711, 713, 715, 717, 719, 721, 723, 725, 727
  could not predict GPP in 13039 cases due to missing VPD.
    Therefore refitting LightResponseCurve with option isNeglectVPDEffect = TRUE
  Estimating light response curve parameters from day time NEE , 1, 3, 5, 7, 9, 11, 13, 15, 17, 19, 21, 23, 25, 27, 29, 31, 33, 35, 37, 39, 41, 43, 45, 47, 49, 51, 53, 55, 57, 59, 61, 63, 65, 67, 69, 71, 73, 75, 77, 79, 81, 83, 85, 87, 89, 91, 93, 95, 97, 99, 101, 103, 105, 107, 109, 111, 113, 115, 117, 119, 121, 123, 125, 127, 129, 131, 133, 135, 137, 139, 141, 143, 145, 147, 149, 151, 153, 155, 157, 159, 161, 163, 165, 167, 169, 171, 173, 175, 177, 179, 181, 183, 185, 187, 189, 191, 193, 195, 197, 199, 201, 203, 205, 207, 209, 211, 213, 215, 217, 219, 221, 223, 225, 227, 229, 231, 233, 235, 237, 239, 241, 243, 245, 247, 249, 251, 253, 255, 257, 259, 261, 263, 265, 267, 269, 271, 273, 275, 277, 279, 281, 283, 285, 287, 289, 291, 293, 295, 297, 299, 301, 303, 305, 307, 309, 311, 313, 315, 317, 319, 321, 323, 325, 327, 329, 331, 333, 335, 337, 339, 341, 343, 345, 347, 349, 351, 353, 355, 357, 359, 361, 363, 365, 367, 369, 371, 373, 375, 377, 379, 381, 383, 385, 387, 389, 391, 393, 395, 397, 399, 401, 403, 405, 407, 409, 411, 413, 415, 417, 419, 421, 423, 425, 427, 429, 431, 433, 435, 437, 439, 441, 443, 445, 447, 449, 451, 453, 455, 457, 459, 461, 463, 465, 467, 469, 471, 473, 475, 477, 479, 481, 483, 485, 487, 489, 491, 493, 495, 497, 499, 501, 503, 505, 507, 509, 511, 513, 515, 517, 519, 521, 523, 525, 527, 529, 531, 533, 535, 537, 539, 541, 543, 545, 547, 549, 551, 553, 555, 557, 559, 561, 563, 565, 567, 569, 571, 573, 575, 577, 579, 581, 583, 585, 587, 589, 591, 593, 595, 597, 599, 601, 603, 605, 607, 609, 611, 613, 615, 617, 619, 621, 623, 625, 627, 629, 631, 633, 635, 637, 639, 641, 643, 645, 647, 649, 651, 653, 655, 657, 659, 661, 663, 665, 667, 669, 671, 673, 675, 677, 679, 681, 683, 685, 687, 689, 691, 693, 695, 697, 699, 701, 703, 705, 707, 709, 711, 713, 715, 717, 719, 721, 723, 725, 727
-- Attaching packages --------------------------------------- tidyverse 1.3.2 --
v ggplot2 3.4.1     v readr   2.1.3
v tibble  3.2.1     v purrr   1.0.1
v tidyr   1.3.0     v forcats 0.5.2
-- Conflicts ------------------------------------------ tidyverse_conflicts() --
x lubridate::as.difftime() masks base::as.difftime()
x lubridate::date()        masks base::date()
x dplyr::filter()          masks stats::filter()
x lubridate::intersect()   masks base::intersect()
x dplyr::lag()             masks stats::lag()
x lubridate::setdiff()     masks base::setdiff()
x lubridate::union()       masks base::union()
Loading required package: lattice

Attaching package: 'caret'

The following object is masked from 'package:purrr':

    lift

There were 50 or more warnings (use warnings() to see the first 50)
=============================================================================
 Warnings
=============================================================================
Warning messages:
1: In fCheckOutsideRange(Data.F, VarName.V.s[v.i], c("<",  ... :
  sEddyProc.initialize:::fCheckColPlausibility:::fCheckOutsideRange::: Variable outside (plausible) range in 2 cases! Invalid values with 'NEE < -50': -58, -56 ...
2: In fCheckOutsideRange(Data.F, VarName.V.s[v.i], c("<",  ... :
  sEddyProc.initialize:::fCheckColPlausibility:::fCheckOutsideRange::: Variable outside (plausible) range in 10144 cases! Invalid values with 'Rg < 0': -0.272, -0.643, -0.628, -0.383, -0.302, -0.389, -0.482, -0.179, -0.204, -0.219, -0.472, -0.482, -0.414, -0.222, -0.494, -0.048, -0.501, -0.295, -0.204, -1.054, -1.989, -1.878, -1.778, -1.270, -1.139, -1.628, -1.518, -1.202, -0.496, -0.805, -0.260, -0.670, -0.585, -0.406, -0.343, -0.452, -0.560, -0.370, -0.295, -0.650, -0.325, -0.588, -0.055, -0.590, -0.993, -0.638, -0.012, -0.532, -1.342, -1.473 ...
3: In .estimateUStarSeason(...) :
  sEstUstarThreshold: too few finite records within season (n = 204) for 7 temperature classes. Need at least n = 700. Returning NA for this Season.
4: In .estimateUStarSeason(...) :
  sEstUstarThreshold: too few finite records within season (n = 0). Need at least n = 160. Returning NA for this Season.
5: In .estimateUStarSeason(...) :
  sEstUstarThreshold: too few finite records within season (n = 0). Need at least n = 160. Returning NA for this Season.
6: In .estimateUStarSeason(...) :
  sEstUstarThreshold: too few finite records within season (n = 0). Need at least n = 160. Returning NA for this Season.
7: In sFillInit(Var, QFVar, QFValue, FillAll) :
  sMDSGapFill::: The long gap between position 20759 and 35040 will not be filled!
8: In sFillInit(Var, QFVar, QFValue, FillAll) :
  sMDSGapFill::: The long gap between position 14662 and 18171 will not be filled!
9: In sFillInit(Var, QFVar, QFValue, FillAll) :
  sMDSGapFill::: The long gap between position 20759 and 35040 will not be filled!
10: In sFillInit(Var, QFVar, QFValue, FillAll) :
  sMDSGapFill::: The long gap between position 14662 and 18171 will not be filled!
11: In sFillInit(Var, QFVar, QFValue, FillAll) :
  sMDSGapFill::: The long gap between position 20759 and 35040 will not be filled!
12: In sFillInit(Var, QFVar, QFValue, FillAll) :
  sMDSGapFill::: The long gap between position 14662 and 18171 will not be filled!
13: In sFillInit(Var, QFVar, QFValue, FillAll) :
  sMDSGapFill::: The long gap between position 20759 and 35040 will not be filled!
14: In sFillInit(Var, QFVar, QFValue, FillAll) :
  sMDSGapFill::: The long gap between position 14662 and 18171 will not be filled!
15: In .self$sMDSGapFillAfterUstar(..., uStarTh = uStarTh[,  ... :
  sMDSGapFillAfterUstar::: Duplicated columns found! Please specify different suffix when processing different"
            , " setups on the same dataset!
16: In sFillInit(Var, QFVar, QFValue, FillAll) :
  sMDSGapFill::: The long gap between position 20759 and 35040 will not be filled!
17: In sFillInit(Var, QFVar, QFValue, FillAll) :
  sMDSGapFill::: The long gap between position 14662 and 18171 will not be filled!
18: In .self$sMDSGapFillAfterUstar(..., uStarTh = uStarTh[,  ... :
  sMDSGapFillAfterUstar::: Duplicated columns found! Please specify different suffix when processing different"
            , " setups on the same dataset!
19: In sFillInit(Var, QFVar, QFValue, FillAll) :
  sMDSGapFill::: The long gap between position 20759 and 35040 will not be filled!
20: In sFillInit(Var, QFVar, QFValue, FillAll) :
  sMDSGapFill::: The long gap between position 14662 and 18171 will not be filled!
21: In .self$sMDSGapFillAfterUstar(..., uStarTh = uStarTh[,  ... :
  sMDSGapFillAfterUstar::: Duplicated columns found! Please specify different suffix when processing different"
            , " setups on the same dataset!
22: In sFillInit(Var, QFVar, QFValue, FillAll) :
  sMDSGapFill::: The long gap between position 20759 and 35040 will not be filled!
23: In sFillInit(Var, QFVar, QFValue, FillAll) :
  sMDSGapFill::: The long gap between position 14662 and 18171 will not be filled!
24: In .self$sMDSGapFillAfterUstar(..., uStarTh = uStarTh[,  ... :
  sMDSGapFillAfterUstar::: Duplicated columns found! Please specify different suffix when processing different"
            , " setups on the same dataset!
25: In sFillInit(Var, QFVar, QFValue, FillAll) :
  sMDSGapFill::: The long gap between position 20759 and 35040 will not be filled!
26: In sFillInit(Var, QFVar, QFValue, FillAll) :
  sMDSGapFill::: The long gap between position 14662 and 18171 will not be filled!
27: In .self$sMDSGapFillAfterUstar(..., uStarTh = uStarTh[,  ... :
  sMDSGapFillAfterUstar::: Duplicated columns found! Please specify different suffix when processing different"
            , " setups on the same dataset!
28: In sFillInit(Var, QFVar, QFValue, FillAll) :
  sMDSGapFill::: The long gap between position 20759 and 35040 will not be filled!
29: In sFillInit(Var, QFVar, QFValue, FillAll) :
  sMDSGapFill::: The long gap between position 14661 and 18171 will not be filled!
30: In .self$sMDSGapFillAfterUstar(..., uStarTh = uStarTh[,  ... :
  sMDSGapFillAfterUstar::: Duplicated columns found! Please specify different suffix when processing different"
            , " setups on the same dataset!
31: In sFillInit(Var, QFVar, QFValue, FillAll) :
  sMDSGapFill::: The long gap between position 20759 and 35040 will not be filled!
32: In sFillInit(Var, QFVar, QFValue, FillAll) :
  sMDSGapFill::: The long gap between position 14661 and 18171 will not be filled!
33: In .self$sMDSGapFillAfterUstar(..., uStarTh = uStarTh[,  ... :
  sMDSGapFillAfterUstar::: Duplicated columns found! Please specify different suffix when processing different"
            , " setups on the same dataset!
34: In sFillInit(Var, QFVar, QFValue, FillAll) :
  sMDSGapFill::: The long gap between position 20759 and 35040 will not be filled!
35: In sFillInit(Var, QFVar, QFValue, FillAll) :
  sMDSGapFill::: The long gap between position 14661 and 18171 will not be filled!
36: In .self$sMDSGapFillAfterUstar(..., uStarTh = uStarTh[,  ... :
  sMDSGapFillAfterUstar::: Duplicated columns found! Please specify different suffix when processing different"
            , " setups on the same dataset!
37: In sFillInit(Var, QFVar, QFValue, FillAll) :
  sMDSGapFill::: The long gap between position 20759 and 35040 will not be filled!
38: In sFillInit(Var, QFVar, QFValue, FillAll) :
  sMDSGapFill::: The long gap between position 14661 and 18171 will not be filled!
39: In .self$sMDSGapFillAfterUstar(..., uStarTh = uStarTh[,  ... :
  sMDSGapFillAfterUstar::: Duplicated columns found! Please specify different suffix when processing different"
            , " setups on the same dataset!
40: In sFillInit(Var, QFVar, QFValue, FillAll) :
  sMDSGapFill::: The long gap between position 20759 and 35040 will not be filled!
41: In sFillInit(Var, QFVar, QFValue, FillAll) :
  sMDSGapFill::: The long gap between position 14661 and 18171 will not be filled!
42: In .self$sMDSGapFillAfterUstar(..., uStarTh = uStarTh[,  ... :
  sMDSGapFillAfterUstar::: Duplicated columns found! Please specify different suffix when processing different"
            , " setups on the same dataset!
43: In sFillInit(Var, QFVar, QFValue, FillAll) :
  sMDSGapFill::: The long gap between position 20759 and 35040 will not be filled!
44: In sFillInit(Var, QFVar, QFValue, FillAll) :
  sMDSGapFill::: The long gap between position 14661 and 18171 will not be filled!
45: In .self$sMDSGapFillAfterUstar(..., uStarTh = uStarTh[,  ... :
  sMDSGapFillAfterUstar::: Duplicated columns found! Please specify different suffix when processing different"
            , " setups on the same dataset!
46: In sFillInit(Var, QFVar, QFValue, FillAll) :
  sMDSGapFill::: The long gap between position 20759 and 35040 will not be filled!
47: In sFillInit(Var, QFVar, QFValue, FillAll) :
  sMDSGapFill::: The long gap between position 14661 and 18171 will not be filled!
48: In .self$sMDSGapFillAfterUstar(..., uStarTh = uStarTh[,  ... :
  sMDSGapFillAfterUstar::: Duplicated columns found! Please specify different suffix when processing different"
            , " setups on the same dataset!
49: In sFillInit(Var, QFVar, QFValue, FillAll) :
  sMDSGapFill::: The long gap between position 20759 and 35040 will not be filled!
50: In sFillInit(Var, QFVar, QFValue, FillAll) :
  sMDSGapFill::: The long gap between position 14661 and 18171 will not be filled!
=============================================================================

End of Run_ThirdStageREddyProc run.





=============================================================
Rscript:      C:\Program Files\R\R-4.2.3\bin\Rscript.exe
Start:        04-Apr-2023 08:41:02
End:          04-Apr-2023 08:53:29
Elapsed time:   12.4 min
==============================================================
