Loading required package: dplyr

Attaching package: 'dplyr'

The following objects are masked from 'package:stats':

    filter, lag

The following objects are masked from 'package:base':

    intersect, setdiff, setequal, union

Loading required package: lubridate

Attaching package: 'lubridate'

The following objects are masked from 'package:base':

    date, intersect, setdiff, union



In ThirdStage_REddyProc:
   Do we need to reload the ini file here again?



In ThirdStage_REddyProc:
   Do we need to reload the ini file here again?

Converted time format 'YDH' to POSIX with column name 'DateTime'.
New sEddyProc class for site 'HOGG'
Error in usEstUstarThreshold(ds, seasonFactor = .self$sTEMP$season, ...) : 
  sEstUstarThreshold: no finite records in dataset
Calls: ThirdStage_REddyProc ... withCallingHandlers -> <Anonymous> -> usEstUstarThreshold
In addition: Warning messages:
1: In fCheckOutsideRange(Data.F, VarName.V.s[v.i], c("<", 0), SubCallFunc.s) :
  sEddyProc.initialize:::fCheckColPlausibility:::fCheckOutsideRange::: Variable outside (plausible) range in 5083 cases! Invalid values with 'Rg < 0': -0.163, -5.054, -4.197, -5.332, -5.954, -3.437, -2.634, -2.179, -1.576, -1.348, -1.901, -2.016, -3.336, -2.486, -2.627, -1.954, -1.094, -0.097, -3.644, -2.996, -2.928, -3.045, -2.705, -0.612, -2.643, -3.085, -0.884, -0.843, -0.989, -1.348, -1.913, -2.067, -1.052, -1.379, -1.282, -1.027, -0.532, -1.247, -1.406, -1.406, -3.382, -2.567, -1.307, -1.194, -1.038, -0.923, -1.916, -3.652, -2.484, -2.051 ...
2: In fCheckOutsideRange(Data.F, VarName.V.s[v.i], c(">", 50), SubCallFunc.s) :
  sEddyProc.initialize:::fCheckColPlausibility:::fCheckOutsideRange::: Variable outside (plausible) range in 922 cases! Invalid values with 'VPD > 50':  92,  88,  75,  81,  94,  91, 100,  94,  74,  61,  55,  53,  76,  90,  93,  56,  89,  53,  69,  97,  73,  67,  61,  68,  54,  53,  59,  70,  69,  92,  98,  99,  75,  71,  60,  51,  56,  65,  71,  69,  57,  65,  75,  88,  80, 100,  79,  61,  69,  93 ...
Execution halted




=============================================================
Rscript:      C:\Program Files\R\R-4.2.1\bin\Rscript.exe
Start:        07-Mar-2023 17:29:23
End:          07-Mar-2023 17:29:27
Elapsed time:    0.1 min
==============================================================
