Loading required package: dplyr

Attaching package: 'dplyr'

The following objects are masked from 'package:stats':

    filter, lag

The following objects are masked from 'package:base':

    intersect, setdiff, setequal, union

Loading required package: lubridate

Attaching package: 'lubridate'

The following objects are masked from 'package:base':

    date, intersect, setdiff, union

Loading required package: data.table

Attaching package: 'data.table'

The following objects are masked from 'package:lubridate':

    hour, isoweek, mday, minute, month, quarter, second, wday, week,
    yday, year

The following objects are masked from 'package:dplyr':

    between, first, last

Error in file(filename, "r", encoding = encoding) : 
  cannot open the connection
Calls: ThirdStage_REddyProc -> source -> file
In addition: Warning message:
In file(filename, "r", encoding = encoding) :
  cannot open file 'p:/database/Calculation_Procedures/TraceAnalysis_ini/BBS/BBS_ThirdStage_ini.R': No such file or directory
Execution halted




=============================================================
Rscript:      C:\Program Files\R\R-4.2.3\bin\Rscript.exe
Start:        28-Oct-2023 06:27:54
End:          28-Oct-2023 06:27:57
Elapsed time:    0.0 min
==============================================================
